{"/Users/alec/dev/borg/src/index.ts": {"path":"/Users/alec/dev/borg/src/index.ts","all":false,"statementMap":{"0":{"start":{"line":1,"column":0},"end":{"line":1,"column":29}},"1":{"start":{"line":2,"column":0},"end":{"line":2,"column":54}},"2":{"start":{"line":3,"column":0},"end":{"line":3,"column":0}},"3":{"start":{"line":4,"column":0},"end":{"line":4,"column":3}},"4":{"start":{"line":5,"column":0},"end":{"line":5,"column":40}},"5":{"start":{"line":6,"column":0},"end":{"line":6,"column":110}},"6":{"start":{"line":7,"column":0},"end":{"line":7,"column":21}},"7":{"start":{"line":8,"column":0},"end":{"line":8,"column":16}},"8":{"start":{"line":9,"column":0},"end":{"line":9,"column":10}},"9":{"start":{"line":10,"column":0},"end":{"line":10,"column":14}},"10":{"start":{"line":11,"column":0},"end":{"line":11,"column":10}},"11":{"start":{"line":12,"column":0},"end":{"line":12,"column":45}},"12":{"start":{"line":13,"column":0},"end":{"line":13,"column":13}},"13":{"start":{"line":14,"column":0},"end":{"line":14,"column":3}},"14":{"start":{"line":15,"column":0},"end":{"line":15,"column":40}},"15":{"start":{"line":16,"column":0},"end":{"line":16,"column":49}},"16":{"start":{"line":17,"column":0},"end":{"line":17,"column":75}},"17":{"start":{"line":18,"column":0},"end":{"line":18,"column":20}},"18":{"start":{"line":19,"column":0},"end":{"line":19,"column":1}},"19":{"start":{"line":20,"column":0},"end":{"line":20,"column":0}},"20":{"start":{"line":21,"column":0},"end":{"line":21,"column":93}},"21":{"start":{"line":22,"column":0},"end":{"line":22,"column":93}},"22":{"start":{"line":23,"column":0},"end":{"line":23,"column":93}},"23":{"start":{"line":24,"column":0},"end":{"line":24,"column":93}},"24":{"start":{"line":25,"column":0},"end":{"line":25,"column":93}},"25":{"start":{"line":26,"column":0},"end":{"line":26,"column":93}},"26":{"start":{"line":27,"column":0},"end":{"line":27,"column":93}},"27":{"start":{"line":28,"column":0},"end":{"line":28,"column":93}},"28":{"start":{"line":29,"column":0},"end":{"line":29,"column":93}},"29":{"start":{"line":30,"column":0},"end":{"line":30,"column":93}},"30":{"start":{"line":31,"column":0},"end":{"line":31,"column":93}},"31":{"start":{"line":32,"column":0},"end":{"line":32,"column":93}},"32":{"start":{"line":33,"column":0},"end":{"line":33,"column":93}},"33":{"start":{"line":34,"column":0},"end":{"line":34,"column":93}},"34":{"start":{"line":35,"column":0},"end":{"line":35,"column":93}},"35":{"start":{"line":36,"column":0},"end":{"line":36,"column":93}},"36":{"start":{"line":37,"column":0},"end":{"line":37,"column":93}},"37":{"start":{"line":38,"column":0},"end":{"line":38,"column":93}},"38":{"start":{"line":39,"column":0},"end":{"line":39,"column":93}},"39":{"start":{"line":40,"column":0},"end":{"line":40,"column":93}},"40":{"start":{"line":41,"column":0},"end":{"line":41,"column":93}},"41":{"start":{"line":42,"column":0},"end":{"line":42,"column":0}},"42":{"start":{"line":43,"column":0},"end":{"line":43,"column":16}},"43":{"start":{"line":44,"column":0},"end":{"line":44,"column":52}},"44":{"start":{"line":45,"column":0},"end":{"line":45,"column":17}},"45":{"start":{"line":46,"column":0},"end":{"line":46,"column":34}},"46":{"start":{"line":47,"column":0},"end":{"line":47,"column":0}},"47":{"start":{"line":48,"column":0},"end":{"line":48,"column":71}},"48":{"start":{"line":49,"column":0},"end":{"line":49,"column":24}},"49":{"start":{"line":50,"column":0},"end":{"line":50,"column":59}},"50":{"start":{"line":51,"column":0},"end":{"line":51,"column":73}},"51":{"start":{"line":52,"column":0},"end":{"line":52,"column":48}},"52":{"start":{"line":53,"column":0},"end":{"line":53,"column":7}},"53":{"start":{"line":54,"column":0},"end":{"line":54,"column":16}},"54":{"start":{"line":55,"column":0},"end":{"line":55,"column":76}},"55":{"start":{"line":56,"column":0},"end":{"line":56,"column":5}},"56":{"start":{"line":57,"column":0},"end":{"line":57,"column":3}},"57":{"start":{"line":58,"column":0},"end":{"line":58,"column":0}},"58":{"start":{"line":59,"column":0},"end":{"line":59,"column":14}},"59":{"start":{"line":60,"column":0},"end":{"line":60,"column":22}},"60":{"start":{"line":61,"column":0},"end":{"line":61,"column":3}},"61":{"start":{"line":62,"column":0},"end":{"line":62,"column":22}},"62":{"start":{"line":63,"column":0},"end":{"line":63,"column":1}},"63":{"start":{"line":64,"column":0},"end":{"line":64,"column":0}},"64":{"start":{"line":65,"column":0},"end":{"line":65,"column":93}},"65":{"start":{"line":66,"column":0},"end":{"line":66,"column":93}},"66":{"start":{"line":67,"column":0},"end":{"line":67,"column":93}},"67":{"start":{"line":68,"column":0},"end":{"line":68,"column":93}},"68":{"start":{"line":69,"column":0},"end":{"line":69,"column":93}},"69":{"start":{"line":70,"column":0},"end":{"line":70,"column":93}},"70":{"start":{"line":71,"column":0},"end":{"line":71,"column":93}},"71":{"start":{"line":72,"column":0},"end":{"line":72,"column":93}},"72":{"start":{"line":73,"column":0},"end":{"line":73,"column":93}},"73":{"start":{"line":74,"column":0},"end":{"line":74,"column":93}},"74":{"start":{"line":75,"column":0},"end":{"line":75,"column":93}},"75":{"start":{"line":76,"column":0},"end":{"line":76,"column":93}},"76":{"start":{"line":77,"column":0},"end":{"line":77,"column":93}},"77":{"start":{"line":78,"column":0},"end":{"line":78,"column":93}},"78":{"start":{"line":79,"column":0},"end":{"line":79,"column":93}},"79":{"start":{"line":80,"column":0},"end":{"line":80,"column":93}},"80":{"start":{"line":81,"column":0},"end":{"line":81,"column":93}},"81":{"start":{"line":82,"column":0},"end":{"line":82,"column":93}},"82":{"start":{"line":83,"column":0},"end":{"line":83,"column":93}},"83":{"start":{"line":84,"column":0},"end":{"line":84,"column":93}},"84":{"start":{"line":85,"column":0},"end":{"line":85,"column":93}},"85":{"start":{"line":86,"column":0},"end":{"line":86,"column":0}},"86":{"start":{"line":87,"column":0},"end":{"line":87,"column":79}},"87":{"start":{"line":88,"column":0},"end":{"line":88,"column":24}},"88":{"start":{"line":89,"column":0},"end":{"line":89,"column":44}},"89":{"start":{"line":90,"column":0},"end":{"line":90,"column":40}},"90":{"start":{"line":91,"column":0},"end":{"line":91,"column":22}},"91":{"start":{"line":92,"column":0},"end":{"line":92,"column":66}},"92":{"start":{"line":93,"column":0},"end":{"line":93,"column":46}},"93":{"start":{"line":94,"column":0},"end":{"line":94,"column":13}},"94":{"start":{"line":95,"column":0},"end":{"line":95,"column":66}},"95":{"start":{"line":96,"column":0},"end":{"line":96,"column":46}},"96":{"start":{"line":97,"column":0},"end":{"line":97,"column":12}},"97":{"start":{"line":98,"column":0},"end":{"line":98,"column":3}},"98":{"start":{"line":99,"column":0},"end":{"line":99,"column":32}},"99":{"start":{"line":100,"column":0},"end":{"line":100,"column":52}},"100":{"start":{"line":101,"column":0},"end":{"line":101,"column":4}},"101":{"start":{"line":102,"column":0},"end":{"line":102,"column":33}},"102":{"start":{"line":103,"column":0},"end":{"line":103,"column":50}},"103":{"start":{"line":104,"column":0},"end":{"line":104,"column":38}},"104":{"start":{"line":105,"column":0},"end":{"line":105,"column":38}},"105":{"start":{"line":106,"column":0},"end":{"line":106,"column":40}},"106":{"start":{"line":107,"column":0},"end":{"line":107,"column":35}},"107":{"start":{"line":108,"column":0},"end":{"line":108,"column":37}},"108":{"start":{"line":109,"column":0},"end":{"line":109,"column":26}},"109":{"start":{"line":110,"column":0},"end":{"line":110,"column":25}},"110":{"start":{"line":111,"column":0},"end":{"line":111,"column":27}},"111":{"start":{"line":112,"column":0},"end":{"line":112,"column":27}},"112":{"start":{"line":113,"column":0},"end":{"line":113,"column":26}},"113":{"start":{"line":114,"column":0},"end":{"line":114,"column":27}},"114":{"start":{"line":115,"column":0},"end":{"line":115,"column":26}},"115":{"start":{"line":116,"column":0},"end":{"line":116,"column":29}},"116":{"start":{"line":117,"column":0},"end":{"line":117,"column":22}},"117":{"start":{"line":118,"column":0},"end":{"line":118,"column":1}},"118":{"start":{"line":119,"column":0},"end":{"line":119,"column":0}},"119":{"start":{"line":120,"column":0},"end":{"line":120,"column":93}},"120":{"start":{"line":121,"column":0},"end":{"line":121,"column":93}},"121":{"start":{"line":122,"column":0},"end":{"line":122,"column":93}},"122":{"start":{"line":123,"column":0},"end":{"line":123,"column":93}},"123":{"start":{"line":124,"column":0},"end":{"line":124,"column":93}},"124":{"start":{"line":125,"column":0},"end":{"line":125,"column":93}},"125":{"start":{"line":126,"column":0},"end":{"line":126,"column":93}},"126":{"start":{"line":127,"column":0},"end":{"line":127,"column":93}},"127":{"start":{"line":128,"column":0},"end":{"line":128,"column":93}},"128":{"start":{"line":129,"column":0},"end":{"line":129,"column":93}},"129":{"start":{"line":130,"column":0},"end":{"line":130,"column":93}},"130":{"start":{"line":131,"column":0},"end":{"line":131,"column":93}},"131":{"start":{"line":132,"column":0},"end":{"line":132,"column":93}},"132":{"start":{"line":133,"column":0},"end":{"line":133,"column":93}},"133":{"start":{"line":134,"column":0},"end":{"line":134,"column":93}},"134":{"start":{"line":135,"column":0},"end":{"line":135,"column":93}},"135":{"start":{"line":136,"column":0},"end":{"line":136,"column":93}},"136":{"start":{"line":137,"column":0},"end":{"line":137,"column":93}},"137":{"start":{"line":138,"column":0},"end":{"line":138,"column":93}},"138":{"start":{"line":139,"column":0},"end":{"line":139,"column":93}},"139":{"start":{"line":140,"column":0},"end":{"line":140,"column":93}},"140":{"start":{"line":141,"column":0},"end":{"line":141,"column":0}},"141":{"start":{"line":142,"column":0},"end":{"line":142,"column":17}},"142":{"start":{"line":143,"column":0},"end":{"line":143,"column":66}},"143":{"start":{"line":144,"column":0},"end":{"line":144,"column":54}},"144":{"start":{"line":145,"column":0},"end":{"line":145,"column":28}},"145":{"start":{"line":146,"column":0},"end":{"line":146,"column":4}},"146":{"start":{"line":147,"column":0},"end":{"line":147,"column":45}},"147":{"start":{"line":148,"column":0},"end":{"line":148,"column":17}},"148":{"start":{"line":149,"column":0},"end":{"line":149,"column":11}},"149":{"start":{"line":150,"column":0},"end":{"line":150,"column":20}},"150":{"start":{"line":151,"column":0},"end":{"line":151,"column":20}},"151":{"start":{"line":152,"column":0},"end":{"line":152,"column":19}},"152":{"start":{"line":153,"column":0},"end":{"line":153,"column":4}},"153":{"start":{"line":154,"column":0},"end":{"line":154,"column":0}},"154":{"start":{"line":155,"column":0},"end":{"line":155,"column":30}},"155":{"start":{"line":156,"column":0},"end":{"line":156,"column":12}},"156":{"start":{"line":157,"column":0},"end":{"line":157,"column":32}},"157":{"start":{"line":158,"column":0},"end":{"line":158,"column":25}},"158":{"start":{"line":159,"column":0},"end":{"line":159,"column":73}},"159":{"start":{"line":160,"column":0},"end":{"line":160,"column":8}},"160":{"start":{"line":161,"column":0},"end":{"line":161,"column":13}},"161":{"start":{"line":162,"column":0},"end":{"line":162,"column":3}},"162":{"start":{"line":163,"column":0},"end":{"line":163,"column":0}},"163":{"start":{"line":164,"column":0},"end":{"line":164,"column":77}},"164":{"start":{"line":165,"column":0},"end":{"line":165,"column":55}},"165":{"start":{"line":166,"column":0},"end":{"line":166,"column":76}},"166":{"start":{"line":167,"column":0},"end":{"line":167,"column":43}},"167":{"start":{"line":168,"column":0},"end":{"line":168,"column":36}},"168":{"start":{"line":169,"column":0},"end":{"line":169,"column":24}},"169":{"start":{"line":170,"column":0},"end":{"line":170,"column":3}},"170":{"start":{"line":171,"column":0},"end":{"line":171,"column":0}},"171":{"start":{"line":172,"column":0},"end":{"line":172,"column":77}},"172":{"start":{"line":173,"column":0},"end":{"line":173,"column":26}},"173":{"start":{"line":174,"column":0},"end":{"line":174,"column":21}},"174":{"start":{"line":175,"column":0},"end":{"line":175,"column":25}},"175":{"start":{"line":176,"column":0},"end":{"line":176,"column":52}},"176":{"start":{"line":177,"column":0},"end":{"line":177,"column":34}},"177":{"start":{"line":178,"column":0},"end":{"line":178,"column":40}},"178":{"start":{"line":179,"column":0},"end":{"line":179,"column":55}},"179":{"start":{"line":180,"column":0},"end":{"line":180,"column":10}},"180":{"start":{"line":181,"column":0},"end":{"line":181,"column":8}},"181":{"start":{"line":182,"column":0},"end":{"line":182,"column":20}},"182":{"start":{"line":183,"column":0},"end":{"line":183,"column":14}},"183":{"start":{"line":184,"column":0},"end":{"line":184,"column":3}},"184":{"start":{"line":185,"column":0},"end":{"line":185,"column":0}},"185":{"start":{"line":186,"column":0},"end":{"line":186,"column":20}},"186":{"start":{"line":187,"column":0},"end":{"line":187,"column":26}},"187":{"start":{"line":188,"column":0},"end":{"line":188,"column":35}},"188":{"start":{"line":189,"column":0},"end":{"line":189,"column":43}},"189":{"start":{"line":190,"column":0},"end":{"line":190,"column":19}},"190":{"start":{"line":191,"column":0},"end":{"line":191,"column":59}},"191":{"start":{"line":192,"column":0},"end":{"line":192,"column":32}},"192":{"start":{"line":193,"column":0},"end":{"line":193,"column":27}},"193":{"start":{"line":194,"column":0},"end":{"line":194,"column":61}},"194":{"start":{"line":195,"column":0},"end":{"line":195,"column":16}},"195":{"start":{"line":196,"column":0},"end":{"line":196,"column":31}},"196":{"start":{"line":197,"column":0},"end":{"line":197,"column":13}},"197":{"start":{"line":198,"column":0},"end":{"line":198,"column":10}},"198":{"start":{"line":199,"column":0},"end":{"line":199,"column":8}},"199":{"start":{"line":200,"column":0},"end":{"line":200,"column":50}},"200":{"start":{"line":201,"column":0},"end":{"line":201,"column":3}},"201":{"start":{"line":202,"column":0},"end":{"line":202,"column":0}},"202":{"start":{"line":203,"column":0},"end":{"line":203,"column":16}},"203":{"start":{"line":204,"column":0},"end":{"line":204,"column":35}},"204":{"start":{"line":205,"column":0},"end":{"line":205,"column":3}},"205":{"start":{"line":206,"column":0},"end":{"line":206,"column":0}},"206":{"start":{"line":207,"column":0},"end":{"line":207,"column":8}},"207":{"start":{"line":208,"column":0},"end":{"line":208,"column":19}},"208":{"start":{"line":209,"column":0},"end":{"line":209,"column":66}},"209":{"start":{"line":210,"column":0},"end":{"line":210,"column":30}},"210":{"start":{"line":211,"column":0},"end":{"line":211,"column":52}},"211":{"start":{"line":212,"column":0},"end":{"line":212,"column":26}},"212":{"start":{"line":213,"column":0},"end":{"line":213,"column":40}},"213":{"start":{"line":214,"column":0},"end":{"line":214,"column":47}},"214":{"start":{"line":215,"column":0},"end":{"line":215,"column":26}},"215":{"start":{"line":216,"column":0},"end":{"line":216,"column":8}},"216":{"start":{"line":217,"column":0},"end":{"line":217,"column":5}},"217":{"start":{"line":218,"column":0},"end":{"line":218,"column":25}},"218":{"start":{"line":219,"column":0},"end":{"line":219,"column":50}},"219":{"start":{"line":220,"column":0},"end":{"line":220,"column":26}},"220":{"start":{"line":221,"column":0},"end":{"line":221,"column":40}},"221":{"start":{"line":222,"column":0},"end":{"line":222,"column":52}},"222":{"start":{"line":223,"column":0},"end":{"line":223,"column":21}},"223":{"start":{"line":224,"column":0},"end":{"line":224,"column":8}},"224":{"start":{"line":225,"column":0},"end":{"line":225,"column":5}},"225":{"start":{"line":226,"column":0},"end":{"line":226,"column":36}},"226":{"start":{"line":227,"column":0},"end":{"line":227,"column":26}},"227":{"start":{"line":228,"column":0},"end":{"line":228,"column":41}},"228":{"start":{"line":229,"column":0},"end":{"line":229,"column":53}},"229":{"start":{"line":230,"column":0},"end":{"line":230,"column":72}},"230":{"start":{"line":231,"column":0},"end":{"line":231,"column":8}},"231":{"start":{"line":232,"column":0},"end":{"line":232,"column":5}},"232":{"start":{"line":233,"column":0},"end":{"line":233,"column":31}},"233":{"start":{"line":234,"column":0},"end":{"line":234,"column":26}},"234":{"start":{"line":235,"column":0},"end":{"line":235,"column":41}},"235":{"start":{"line":236,"column":0},"end":{"line":236,"column":53}},"236":{"start":{"line":237,"column":0},"end":{"line":237,"column":62}},"237":{"start":{"line":238,"column":0},"end":{"line":238,"column":8}},"238":{"start":{"line":239,"column":0},"end":{"line":239,"column":5}},"239":{"start":{"line":240,"column":0},"end":{"line":240,"column":29}},"240":{"start":{"line":241,"column":0},"end":{"line":241,"column":36}},"241":{"start":{"line":242,"column":0},"end":{"line":242,"column":38}},"242":{"start":{"line":243,"column":0},"end":{"line":243,"column":33}},"243":{"start":{"line":244,"column":0},"end":{"line":244,"column":28}},"244":{"start":{"line":245,"column":0},"end":{"line":245,"column":73}},"245":{"start":{"line":246,"column":0},"end":{"line":246,"column":20}},"246":{"start":{"line":247,"column":0},"end":{"line":247,"column":16}},"247":{"start":{"line":248,"column":0},"end":{"line":248,"column":10}},"248":{"start":{"line":249,"column":0},"end":{"line":249,"column":7}},"249":{"start":{"line":250,"column":0},"end":{"line":250,"column":0}},"250":{"start":{"line":251,"column":0},"end":{"line":251,"column":30}},"251":{"start":{"line":252,"column":0},"end":{"line":252,"column":79}},"252":{"start":{"line":253,"column":0},"end":{"line":253,"column":56}},"253":{"start":{"line":254,"column":0},"end":{"line":254,"column":30}},"254":{"start":{"line":255,"column":0},"end":{"line":255,"column":54}},"255":{"start":{"line":256,"column":0},"end":{"line":256,"column":22}},"256":{"start":{"line":257,"column":0},"end":{"line":257,"column":18}},"257":{"start":{"line":258,"column":0},"end":{"line":258,"column":12}},"258":{"start":{"line":259,"column":0},"end":{"line":259,"column":9}},"259":{"start":{"line":260,"column":0},"end":{"line":260,"column":32}},"260":{"start":{"line":261,"column":0},"end":{"line":261,"column":17}},"261":{"start":{"line":262,"column":0},"end":{"line":262,"column":7}},"262":{"start":{"line":263,"column":0},"end":{"line":263,"column":11}},"263":{"start":{"line":264,"column":0},"end":{"line":264,"column":59}},"264":{"start":{"line":265,"column":0},"end":{"line":265,"column":29}},"265":{"start":{"line":266,"column":0},"end":{"line":266,"column":17}},"266":{"start":{"line":267,"column":0},"end":{"line":267,"column":19}},"267":{"start":{"line":268,"column":0},"end":{"line":268,"column":37}},"268":{"start":{"line":269,"column":0},"end":{"line":269,"column":30}},"269":{"start":{"line":270,"column":0},"end":{"line":270,"column":64}},"270":{"start":{"line":271,"column":0},"end":{"line":271,"column":14}},"271":{"start":{"line":272,"column":0},"end":{"line":272,"column":18}},"272":{"start":{"line":273,"column":0},"end":{"line":273,"column":12}},"273":{"start":{"line":274,"column":0},"end":{"line":274,"column":16}},"274":{"start":{"line":275,"column":0},"end":{"line":275,"column":30}},"275":{"start":{"line":276,"column":0},"end":{"line":276,"column":80}},"276":{"start":{"line":277,"column":0},"end":{"line":277,"column":16}},"277":{"start":{"line":278,"column":0},"end":{"line":278,"column":16}},"278":{"start":{"line":279,"column":0},"end":{"line":279,"column":22}},"279":{"start":{"line":280,"column":0},"end":{"line":280,"column":18}},"280":{"start":{"line":281,"column":0},"end":{"line":281,"column":12}},"281":{"start":{"line":282,"column":0},"end":{"line":282,"column":9}},"282":{"start":{"line":283,"column":0},"end":{"line":283,"column":7}},"283":{"start":{"line":284,"column":0},"end":{"line":284,"column":5}},"284":{"start":{"line":285,"column":0},"end":{"line":285,"column":18}},"285":{"start":{"line":286,"column":0},"end":{"line":286,"column":3}},"286":{"start":{"line":287,"column":0},"end":{"line":287,"column":0}},"287":{"start":{"line":288,"column":0},"end":{"line":288,"column":12}},"288":{"start":{"line":289,"column":0},"end":{"line":289,"column":24}},"289":{"start":{"line":290,"column":0},"end":{"line":290,"column":75}},"290":{"start":{"line":291,"column":0},"end":{"line":291,"column":29}},"291":{"start":{"line":292,"column":0},"end":{"line":292,"column":26}},"292":{"start":{"line":293,"column":0},"end":{"line":293,"column":67}},"293":{"start":{"line":294,"column":0},"end":{"line":294,"column":8}},"294":{"start":{"line":295,"column":0},"end":{"line":295,"column":5}},"295":{"start":{"line":296,"column":0},"end":{"line":296,"column":67}},"296":{"start":{"line":297,"column":0},"end":{"line":297,"column":29}},"297":{"start":{"line":298,"column":0},"end":{"line":298,"column":36}},"298":{"start":{"line":299,"column":0},"end":{"line":299,"column":38}},"299":{"start":{"line":300,"column":0},"end":{"line":300,"column":38}},"300":{"start":{"line":301,"column":0},"end":{"line":301,"column":31}},"301":{"start":{"line":302,"column":0},"end":{"line":302,"column":28}},"302":{"start":{"line":303,"column":0},"end":{"line":303,"column":84}},"303":{"start":{"line":304,"column":0},"end":{"line":304,"column":20}},"304":{"start":{"line":305,"column":0},"end":{"line":305,"column":16}},"305":{"start":{"line":306,"column":0},"end":{"line":306,"column":10}},"306":{"start":{"line":307,"column":0},"end":{"line":307,"column":40}},"307":{"start":{"line":308,"column":0},"end":{"line":308,"column":49}},"308":{"start":{"line":309,"column":0},"end":{"line":309,"column":5}},"309":{"start":{"line":310,"column":0},"end":{"line":310,"column":18}},"310":{"start":{"line":311,"column":0},"end":{"line":311,"column":3}},"311":{"start":{"line":312,"column":0},"end":{"line":312,"column":0}},"312":{"start":{"line":313,"column":0},"end":{"line":313,"column":14}},"313":{"start":{"line":314,"column":0},"end":{"line":314,"column":30}},"314":{"start":{"line":315,"column":0},"end":{"line":315,"column":77}},"315":{"start":{"line":316,"column":0},"end":{"line":316,"column":67}},"316":{"start":{"line":317,"column":0},"end":{"line":317,"column":29}},"317":{"start":{"line":318,"column":0},"end":{"line":318,"column":36}},"318":{"start":{"line":319,"column":0},"end":{"line":319,"column":38}},"319":{"start":{"line":320,"column":0},"end":{"line":320,"column":38}},"320":{"start":{"line":321,"column":0},"end":{"line":321,"column":33}},"321":{"start":{"line":322,"column":0},"end":{"line":322,"column":28}},"322":{"start":{"line":323,"column":0},"end":{"line":323,"column":86}},"323":{"start":{"line":324,"column":0},"end":{"line":324,"column":20}},"324":{"start":{"line":325,"column":0},"end":{"line":325,"column":16}},"325":{"start":{"line":326,"column":0},"end":{"line":326,"column":10}},"326":{"start":{"line":327,"column":0},"end":{"line":327,"column":7}},"327":{"start":{"line":328,"column":0},"end":{"line":328,"column":51}},"328":{"start":{"line":329,"column":0},"end":{"line":329,"column":5}},"329":{"start":{"line":330,"column":0},"end":{"line":330,"column":18}},"330":{"start":{"line":331,"column":0},"end":{"line":331,"column":3}},"331":{"start":{"line":332,"column":0},"end":{"line":332,"column":87}},"332":{"start":{"line":333,"column":0},"end":{"line":333,"column":68}},"333":{"start":{"line":334,"column":0},"end":{"line":334,"column":18}},"334":{"start":{"line":335,"column":0},"end":{"line":335,"column":6}},"335":{"start":{"line":336,"column":0},"end":{"line":336,"column":63}},"336":{"start":{"line":337,"column":0},"end":{"line":337,"column":35}},"337":{"start":{"line":338,"column":0},"end":{"line":338,"column":15}},"338":{"start":{"line":339,"column":0},"end":{"line":339,"column":31}},"339":{"start":{"line":340,"column":0},"end":{"line":340,"column":14}},"340":{"start":{"line":341,"column":0},"end":{"line":341,"column":5}},"341":{"start":{"line":342,"column":0},"end":{"line":342,"column":67}},"342":{"start":{"line":343,"column":0},"end":{"line":343,"column":29}},"343":{"start":{"line":344,"column":0},"end":{"line":344,"column":36}},"344":{"start":{"line":345,"column":0},"end":{"line":345,"column":38}},"345":{"start":{"line":346,"column":0},"end":{"line":346,"column":38}},"346":{"start":{"line":347,"column":0},"end":{"line":347,"column":33}},"347":{"start":{"line":348,"column":0},"end":{"line":348,"column":28}},"348":{"start":{"line":349,"column":0},"end":{"line":349,"column":81}},"349":{"start":{"line":350,"column":0},"end":{"line":350,"column":20}},"350":{"start":{"line":351,"column":0},"end":{"line":351,"column":16}},"351":{"start":{"line":352,"column":0},"end":{"line":352,"column":10}},"352":{"start":{"line":353,"column":0},"end":{"line":353,"column":7}},"353":{"start":{"line":354,"column":0},"end":{"line":354,"column":46}},"354":{"start":{"line":355,"column":0},"end":{"line":355,"column":5}},"355":{"start":{"line":356,"column":0},"end":{"line":356,"column":18}},"356":{"start":{"line":357,"column":0},"end":{"line":357,"column":3}},"357":{"start":{"line":358,"column":0},"end":{"line":358,"column":0}},"358":{"start":{"line":359,"column":0},"end":{"line":359,"column":51}},"359":{"start":{"line":360,"column":0},"end":{"line":360,"column":67}},"360":{"start":{"line":361,"column":0},"end":{"line":361,"column":29}},"361":{"start":{"line":362,"column":0},"end":{"line":362,"column":36}},"362":{"start":{"line":363,"column":0},"end":{"line":363,"column":38}},"363":{"start":{"line":364,"column":0},"end":{"line":364,"column":38}},"364":{"start":{"line":365,"column":0},"end":{"line":365,"column":33}},"365":{"start":{"line":366,"column":0},"end":{"line":366,"column":28}},"366":{"start":{"line":367,"column":0},"end":{"line":367,"column":83}},"367":{"start":{"line":368,"column":0},"end":{"line":368,"column":20}},"368":{"start":{"line":369,"column":0},"end":{"line":369,"column":16}},"369":{"start":{"line":370,"column":0},"end":{"line":370,"column":10}},"370":{"start":{"line":371,"column":0},"end":{"line":371,"column":7}},"371":{"start":{"line":372,"column":0},"end":{"line":372,"column":48}},"372":{"start":{"line":373,"column":0},"end":{"line":373,"column":5}},"373":{"start":{"line":374,"column":0},"end":{"line":374,"column":18}},"374":{"start":{"line":375,"column":0},"end":{"line":375,"column":3}},"375":{"start":{"line":376,"column":0},"end":{"line":376,"column":0}},"376":{"start":{"line":377,"column":0},"end":{"line":377,"column":57}},"377":{"start":{"line":378,"column":0},"end":{"line":378,"column":29}},"378":{"start":{"line":379,"column":0},"end":{"line":379,"column":31}},"379":{"start":{"line":380,"column":0},"end":{"line":380,"column":23}},"380":{"start":{"line":381,"column":0},"end":{"line":381,"column":3}},"381":{"start":{"line":382,"column":0},"end":{"line":382,"column":0}},"382":{"start":{"line":383,"column":0},"end":{"line":383,"column":57}},"383":{"start":{"line":384,"column":0},"end":{"line":384,"column":30}},"384":{"start":{"line":385,"column":0},"end":{"line":385,"column":32}},"385":{"start":{"line":386,"column":0},"end":{"line":386,"column":24}},"386":{"start":{"line":387,"column":0},"end":{"line":387,"column":3}},"387":{"start":{"line":388,"column":0},"end":{"line":388,"column":0}},"388":{"start":{"line":389,"column":0},"end":{"line":389,"column":55}},"389":{"start":{"line":390,"column":0},"end":{"line":390,"column":30}},"390":{"start":{"line":391,"column":0},"end":{"line":391,"column":32}},"391":{"start":{"line":392,"column":0},"end":{"line":392,"column":32}},"392":{"start":{"line":393,"column":0},"end":{"line":393,"column":24}},"393":{"start":{"line":394,"column":0},"end":{"line":394,"column":3}},"394":{"start":{"line":395,"column":0},"end":{"line":395,"column":0}},"395":{"start":{"line":396,"column":0},"end":{"line":396,"column":57}},"396":{"start":{"line":397,"column":0},"end":{"line":397,"column":30}},"397":{"start":{"line":398,"column":0},"end":{"line":398,"column":33}},"398":{"start":{"line":399,"column":0},"end":{"line":399,"column":24}},"399":{"start":{"line":400,"column":0},"end":{"line":400,"column":3}},"400":{"start":{"line":401,"column":0},"end":{"line":401,"column":0}},"401":{"start":{"line":402,"column":0},"end":{"line":402,"column":55}},"402":{"start":{"line":403,"column":0},"end":{"line":403,"column":30}},"403":{"start":{"line":404,"column":0},"end":{"line":404,"column":33}},"404":{"start":{"line":405,"column":0},"end":{"line":405,"column":24}},"405":{"start":{"line":406,"column":0},"end":{"line":406,"column":3}},"406":{"start":{"line":407,"column":0},"end":{"line":407,"column":0}},"407":{"start":{"line":408,"column":0},"end":{"line":408,"column":61}},"408":{"start":{"line":409,"column":0},"end":{"line":409,"column":30}},"409":{"start":{"line":410,"column":0},"end":{"line":410,"column":33}},"410":{"start":{"line":411,"column":0},"end":{"line":411,"column":33}},"411":{"start":{"line":412,"column":0},"end":{"line":412,"column":24}},"412":{"start":{"line":413,"column":0},"end":{"line":413,"column":3}},"413":{"start":{"line":414,"column":0},"end":{"line":414,"column":0}},"414":{"start":{"line":415,"column":0},"end":{"line":415,"column":55}},"415":{"start":{"line":416,"column":0},"end":{"line":416,"column":30}},"416":{"start":{"line":417,"column":0},"end":{"line":417,"column":31}},"417":{"start":{"line":418,"column":0},"end":{"line":418,"column":24}},"418":{"start":{"line":419,"column":0},"end":{"line":419,"column":3}},"419":{"start":{"line":420,"column":0},"end":{"line":420,"column":0}},"420":{"start":{"line":421,"column":0},"end":{"line":421,"column":53}},"421":{"start":{"line":422,"column":0},"end":{"line":422,"column":30}},"422":{"start":{"line":423,"column":0},"end":{"line":423,"column":32}},"423":{"start":{"line":424,"column":0},"end":{"line":424,"column":24}},"424":{"start":{"line":425,"column":0},"end":{"line":425,"column":3}},"425":{"start":{"line":426,"column":0},"end":{"line":426,"column":0}},"426":{"start":{"line":427,"column":0},"end":{"line":427,"column":22}},"427":{"start":{"line":428,"column":0},"end":{"line":428,"column":1}},"428":{"start":{"line":429,"column":0},"end":{"line":429,"column":0}},"429":{"start":{"line":430,"column":0},"end":{"line":430,"column":93}},"430":{"start":{"line":431,"column":0},"end":{"line":431,"column":93}},"431":{"start":{"line":432,"column":0},"end":{"line":432,"column":93}},"432":{"start":{"line":433,"column":0},"end":{"line":433,"column":93}},"433":{"start":{"line":434,"column":0},"end":{"line":434,"column":93}},"434":{"start":{"line":435,"column":0},"end":{"line":435,"column":93}},"435":{"start":{"line":436,"column":0},"end":{"line":436,"column":93}},"436":{"start":{"line":437,"column":0},"end":{"line":437,"column":93}},"437":{"start":{"line":438,"column":0},"end":{"line":438,"column":93}},"438":{"start":{"line":439,"column":0},"end":{"line":439,"column":93}},"439":{"start":{"line":440,"column":0},"end":{"line":440,"column":93}},"440":{"start":{"line":441,"column":0},"end":{"line":441,"column":93}},"441":{"start":{"line":442,"column":0},"end":{"line":442,"column":93}},"442":{"start":{"line":443,"column":0},"end":{"line":443,"column":93}},"443":{"start":{"line":444,"column":0},"end":{"line":444,"column":93}},"444":{"start":{"line":445,"column":0},"end":{"line":445,"column":93}},"445":{"start":{"line":446,"column":0},"end":{"line":446,"column":93}},"446":{"start":{"line":447,"column":0},"end":{"line":447,"column":93}},"447":{"start":{"line":448,"column":0},"end":{"line":448,"column":93}},"448":{"start":{"line":449,"column":0},"end":{"line":449,"column":93}},"449":{"start":{"line":450,"column":0},"end":{"line":450,"column":93}},"450":{"start":{"line":451,"column":0},"end":{"line":451,"column":0}},"451":{"start":{"line":452,"column":0},"end":{"line":452,"column":16}},"452":{"start":{"line":453,"column":0},"end":{"line":453,"column":66}},"453":{"start":{"line":454,"column":0},"end":{"line":454,"column":48}},"454":{"start":{"line":455,"column":0},"end":{"line":455,"column":43}},"455":{"start":{"line":456,"column":0},"end":{"line":456,"column":44}},"456":{"start":{"line":457,"column":0},"end":{"line":457,"column":17}},"457":{"start":{"line":458,"column":0},"end":{"line":458,"column":11}},"458":{"start":{"line":459,"column":0},"end":{"line":459,"column":20}},"459":{"start":{"line":460,"column":0},"end":{"line":460,"column":20}},"460":{"start":{"line":461,"column":0},"end":{"line":461,"column":19}},"461":{"start":{"line":462,"column":0},"end":{"line":462,"column":4}},"462":{"start":{"line":463,"column":0},"end":{"line":463,"column":26}},"463":{"start":{"line":464,"column":0},"end":{"line":464,"column":26}},"464":{"start":{"line":465,"column":0},"end":{"line":465,"column":0}},"465":{"start":{"line":466,"column":0},"end":{"line":466,"column":30}},"466":{"start":{"line":467,"column":0},"end":{"line":467,"column":12}},"467":{"start":{"line":468,"column":0},"end":{"line":468,"column":38}},"468":{"start":{"line":469,"column":0},"end":{"line":469,"column":3}},"469":{"start":{"line":470,"column":0},"end":{"line":470,"column":0}},"470":{"start":{"line":471,"column":0},"end":{"line":471,"column":65}},"471":{"start":{"line":472,"column":0},"end":{"line":472,"column":16}},"472":{"start":{"line":473,"column":0},"end":{"line":473,"column":12}},"473":{"start":{"line":474,"column":0},"end":{"line":474,"column":52}},"474":{"start":{"line":475,"column":0},"end":{"line":475,"column":36}},"475":{"start":{"line":476,"column":0},"end":{"line":476,"column":27}},"476":{"start":{"line":477,"column":0},"end":{"line":477,"column":27}},"477":{"start":{"line":478,"column":0},"end":{"line":478,"column":24}},"478":{"start":{"line":479,"column":0},"end":{"line":479,"column":3}},"479":{"start":{"line":480,"column":0},"end":{"line":480,"column":0}},"480":{"start":{"line":481,"column":0},"end":{"line":481,"column":76}},"481":{"start":{"line":482,"column":0},"end":{"line":482,"column":26}},"482":{"start":{"line":483,"column":0},"end":{"line":483,"column":20}},"483":{"start":{"line":484,"column":0},"end":{"line":484,"column":26}},"484":{"start":{"line":485,"column":0},"end":{"line":485,"column":26}},"485":{"start":{"line":486,"column":0},"end":{"line":486,"column":25}},"486":{"start":{"line":487,"column":0},"end":{"line":487,"column":20}},"487":{"start":{"line":488,"column":0},"end":{"line":488,"column":14}},"488":{"start":{"line":489,"column":0},"end":{"line":489,"column":3}},"489":{"start":{"line":490,"column":0},"end":{"line":490,"column":0}},"490":{"start":{"line":491,"column":0},"end":{"line":491,"column":20}},"491":{"start":{"line":492,"column":0},"end":{"line":492,"column":26}},"492":{"start":{"line":493,"column":0},"end":{"line":493,"column":35}},"493":{"start":{"line":494,"column":0},"end":{"line":494,"column":42}},"494":{"start":{"line":495,"column":0},"end":{"line":495,"column":18}},"495":{"start":{"line":496,"column":0},"end":{"line":496,"column":38}},"496":{"start":{"line":497,"column":0},"end":{"line":497,"column":57}},"497":{"start":{"line":498,"column":0},"end":{"line":498,"column":57}},"498":{"start":{"line":499,"column":0},"end":{"line":499,"column":58}},"499":{"start":{"line":500,"column":0},"end":{"line":500,"column":3}},"500":{"start":{"line":501,"column":0},"end":{"line":501,"column":0}},"501":{"start":{"line":502,"column":0},"end":{"line":502,"column":16}},"502":{"start":{"line":503,"column":0},"end":{"line":503,"column":34}},"503":{"start":{"line":504,"column":0},"end":{"line":504,"column":3}},"504":{"start":{"line":505,"column":0},"end":{"line":505,"column":0}},"505":{"start":{"line":506,"column":0},"end":{"line":506,"column":65}},"506":{"start":{"line":507,"column":0},"end":{"line":507,"column":30}},"507":{"start":{"line":508,"column":0},"end":{"line":508,"column":52}},"508":{"start":{"line":509,"column":0},"end":{"line":509,"column":26}},"509":{"start":{"line":510,"column":0},"end":{"line":510,"column":38}},"510":{"start":{"line":511,"column":0},"end":{"line":511,"column":47}},"511":{"start":{"line":512,"column":0},"end":{"line":512,"column":26}},"512":{"start":{"line":513,"column":0},"end":{"line":513,"column":8}},"513":{"start":{"line":514,"column":0},"end":{"line":514,"column":5}},"514":{"start":{"line":515,"column":0},"end":{"line":515,"column":25}},"515":{"start":{"line":516,"column":0},"end":{"line":516,"column":50}},"516":{"start":{"line":517,"column":0},"end":{"line":517,"column":26}},"517":{"start":{"line":518,"column":0},"end":{"line":518,"column":38}},"518":{"start":{"line":519,"column":0},"end":{"line":519,"column":52}},"519":{"start":{"line":520,"column":0},"end":{"line":520,"column":21}},"520":{"start":{"line":521,"column":0},"end":{"line":521,"column":8}},"521":{"start":{"line":522,"column":0},"end":{"line":522,"column":5}},"522":{"start":{"line":523,"column":0},"end":{"line":523,"column":32}},"523":{"start":{"line":524,"column":0},"end":{"line":524,"column":26}},"524":{"start":{"line":525,"column":0},"end":{"line":525,"column":39}},"525":{"start":{"line":526,"column":0},"end":{"line":526,"column":53}},"526":{"start":{"line":527,"column":0},"end":{"line":527,"column":72}},"527":{"start":{"line":528,"column":0},"end":{"line":528,"column":8}},"528":{"start":{"line":529,"column":0},"end":{"line":529,"column":5}},"529":{"start":{"line":530,"column":0},"end":{"line":530,"column":57}},"530":{"start":{"line":531,"column":0},"end":{"line":531,"column":26}},"531":{"start":{"line":532,"column":0},"end":{"line":532,"column":77}},"532":{"start":{"line":533,"column":0},"end":{"line":533,"column":19}},"533":{"start":{"line":534,"column":0},"end":{"line":534,"column":32}},"534":{"start":{"line":535,"column":0},"end":{"line":535,"column":8}},"535":{"start":{"line":536,"column":0},"end":{"line":536,"column":5}},"536":{"start":{"line":537,"column":0},"end":{"line":537,"column":57}},"537":{"start":{"line":538,"column":0},"end":{"line":538,"column":26}},"538":{"start":{"line":539,"column":0},"end":{"line":539,"column":74}},"539":{"start":{"line":540,"column":0},"end":{"line":540,"column":19}},"540":{"start":{"line":541,"column":0},"end":{"line":541,"column":32}},"541":{"start":{"line":542,"column":0},"end":{"line":542,"column":8}},"542":{"start":{"line":543,"column":0},"end":{"line":543,"column":5}},"543":{"start":{"line":544,"column":0},"end":{"line":544,"column":50}},"544":{"start":{"line":545,"column":0},"end":{"line":545,"column":44}},"545":{"start":{"line":546,"column":0},"end":{"line":546,"column":11}},"546":{"start":{"line":547,"column":0},"end":{"line":547,"column":51}},"547":{"start":{"line":548,"column":0},"end":{"line":548,"column":27}},"548":{"start":{"line":549,"column":0},"end":{"line":549,"column":17}},"549":{"start":{"line":550,"column":0},"end":{"line":550,"column":19}},"550":{"start":{"line":551,"column":0},"end":{"line":551,"column":37}},"551":{"start":{"line":552,"column":0},"end":{"line":552,"column":77}},"552":{"start":{"line":553,"column":0},"end":{"line":553,"column":14}},"553":{"start":{"line":554,"column":0},"end":{"line":554,"column":13}},"554":{"start":{"line":555,"column":0},"end":{"line":555,"column":16}},"555":{"start":{"line":556,"column":0},"end":{"line":556,"column":30}},"556":{"start":{"line":557,"column":0},"end":{"line":557,"column":83}},"557":{"start":{"line":558,"column":0},"end":{"line":558,"column":16}},"558":{"start":{"line":559,"column":0},"end":{"line":559,"column":16}},"559":{"start":{"line":560,"column":0},"end":{"line":560,"column":22}},"560":{"start":{"line":561,"column":0},"end":{"line":561,"column":16}},"561":{"start":{"line":562,"column":0},"end":{"line":562,"column":12}},"562":{"start":{"line":563,"column":0},"end":{"line":563,"column":9}},"563":{"start":{"line":564,"column":0},"end":{"line":564,"column":7}},"564":{"start":{"line":565,"column":0},"end":{"line":565,"column":5}},"565":{"start":{"line":566,"column":0},"end":{"line":566,"column":18}},"566":{"start":{"line":567,"column":0},"end":{"line":567,"column":3}},"567":{"start":{"line":568,"column":0},"end":{"line":568,"column":0}},"568":{"start":{"line":569,"column":0},"end":{"line":569,"column":12}},"569":{"start":{"line":570,"column":0},"end":{"line":570,"column":24}},"570":{"start":{"line":571,"column":0},"end":{"line":571,"column":54}},"571":{"start":{"line":572,"column":0},"end":{"line":572,"column":29}},"572":{"start":{"line":573,"column":0},"end":{"line":573,"column":26}},"573":{"start":{"line":574,"column":0},"end":{"line":574,"column":66}},"574":{"start":{"line":575,"column":0},"end":{"line":575,"column":8}},"575":{"start":{"line":576,"column":0},"end":{"line":576,"column":5}},"576":{"start":{"line":577,"column":0},"end":{"line":577,"column":67}},"577":{"start":{"line":578,"column":0},"end":{"line":578,"column":50}},"578":{"start":{"line":579,"column":0},"end":{"line":579,"column":44}},"579":{"start":{"line":580,"column":0},"end":{"line":580,"column":50}},"580":{"start":{"line":581,"column":0},"end":{"line":581,"column":5}},"581":{"start":{"line":582,"column":0},"end":{"line":582,"column":18}},"582":{"start":{"line":583,"column":0},"end":{"line":583,"column":3}},"583":{"start":{"line":584,"column":0},"end":{"line":584,"column":0}},"584":{"start":{"line":585,"column":0},"end":{"line":585,"column":14}},"585":{"start":{"line":586,"column":0},"end":{"line":586,"column":30}},"586":{"start":{"line":587,"column":0},"end":{"line":587,"column":56}},"587":{"start":{"line":588,"column":0},"end":{"line":588,"column":67}},"588":{"start":{"line":589,"column":0},"end":{"line":589,"column":50}},"589":{"start":{"line":590,"column":0},"end":{"line":590,"column":44}},"590":{"start":{"line":591,"column":0},"end":{"line":591,"column":52}},"591":{"start":{"line":592,"column":0},"end":{"line":592,"column":5}},"592":{"start":{"line":593,"column":0},"end":{"line":593,"column":18}},"593":{"start":{"line":594,"column":0},"end":{"line":594,"column":3}},"594":{"start":{"line":595,"column":0},"end":{"line":595,"column":0}},"595":{"start":{"line":596,"column":0},"end":{"line":596,"column":58}},"596":{"start":{"line":597,"column":0},"end":{"line":597,"column":67}},"597":{"start":{"line":598,"column":0},"end":{"line":598,"column":50}},"598":{"start":{"line":599,"column":0},"end":{"line":599,"column":44}},"599":{"start":{"line":600,"column":0},"end":{"line":600,"column":47}},"600":{"start":{"line":601,"column":0},"end":{"line":601,"column":5}},"601":{"start":{"line":602,"column":0},"end":{"line":602,"column":18}},"602":{"start":{"line":603,"column":0},"end":{"line":603,"column":3}},"603":{"start":{"line":604,"column":0},"end":{"line":604,"column":0}},"604":{"start":{"line":605,"column":0},"end":{"line":605,"column":51}},"605":{"start":{"line":606,"column":0},"end":{"line":606,"column":67}},"606":{"start":{"line":607,"column":0},"end":{"line":607,"column":50}},"607":{"start":{"line":608,"column":0},"end":{"line":608,"column":44}},"608":{"start":{"line":609,"column":0},"end":{"line":609,"column":49}},"609":{"start":{"line":610,"column":0},"end":{"line":610,"column":5}},"610":{"start":{"line":611,"column":0},"end":{"line":611,"column":18}},"611":{"start":{"line":612,"column":0},"end":{"line":612,"column":3}},"612":{"start":{"line":613,"column":0},"end":{"line":613,"column":0}},"613":{"start":{"line":614,"column":0},"end":{"line":614,"column":65}},"614":{"start":{"line":615,"column":0},"end":{"line":615,"column":30}},"615":{"start":{"line":616,"column":0},"end":{"line":616,"column":32}},"616":{"start":{"line":617,"column":0},"end":{"line":617,"column":24}},"617":{"start":{"line":618,"column":0},"end":{"line":618,"column":3}},"618":{"start":{"line":619,"column":0},"end":{"line":619,"column":0}},"619":{"start":{"line":620,"column":0},"end":{"line":620,"column":65}},"620":{"start":{"line":621,"column":0},"end":{"line":621,"column":30}},"621":{"start":{"line":622,"column":0},"end":{"line":622,"column":32}},"622":{"start":{"line":623,"column":0},"end":{"line":623,"column":24}},"623":{"start":{"line":624,"column":0},"end":{"line":624,"column":3}},"624":{"start":{"line":625,"column":0},"end":{"line":625,"column":0}},"625":{"start":{"line":626,"column":0},"end":{"line":626,"column":63}},"626":{"start":{"line":627,"column":0},"end":{"line":627,"column":30}},"627":{"start":{"line":628,"column":0},"end":{"line":628,"column":32}},"628":{"start":{"line":629,"column":0},"end":{"line":629,"column":32}},"629":{"start":{"line":630,"column":0},"end":{"line":630,"column":24}},"630":{"start":{"line":631,"column":0},"end":{"line":631,"column":3}},"631":{"start":{"line":632,"column":0},"end":{"line":632,"column":0}},"632":{"start":{"line":633,"column":0},"end":{"line":633,"column":65}},"633":{"start":{"line":634,"column":0},"end":{"line":634,"column":30}},"634":{"start":{"line":635,"column":0},"end":{"line":635,"column":33}},"635":{"start":{"line":636,"column":0},"end":{"line":636,"column":24}},"636":{"start":{"line":637,"column":0},"end":{"line":637,"column":3}},"637":{"start":{"line":638,"column":0},"end":{"line":638,"column":0}},"638":{"start":{"line":639,"column":0},"end":{"line":639,"column":63}},"639":{"start":{"line":640,"column":0},"end":{"line":640,"column":30}},"640":{"start":{"line":641,"column":0},"end":{"line":641,"column":33}},"641":{"start":{"line":642,"column":0},"end":{"line":642,"column":24}},"642":{"start":{"line":643,"column":0},"end":{"line":643,"column":3}},"643":{"start":{"line":644,"column":0},"end":{"line":644,"column":0}},"644":{"start":{"line":645,"column":0},"end":{"line":645,"column":69}},"645":{"start":{"line":646,"column":0},"end":{"line":646,"column":30}},"646":{"start":{"line":647,"column":0},"end":{"line":647,"column":33}},"647":{"start":{"line":648,"column":0},"end":{"line":648,"column":33}},"648":{"start":{"line":649,"column":0},"end":{"line":649,"column":24}},"649":{"start":{"line":650,"column":0},"end":{"line":650,"column":3}},"650":{"start":{"line":651,"column":0},"end":{"line":651,"column":0}},"651":{"start":{"line":652,"column":0},"end":{"line":652,"column":63}},"652":{"start":{"line":653,"column":0},"end":{"line":653,"column":30}},"653":{"start":{"line":654,"column":0},"end":{"line":654,"column":31}},"654":{"start":{"line":655,"column":0},"end":{"line":655,"column":24}},"655":{"start":{"line":656,"column":0},"end":{"line":656,"column":3}},"656":{"start":{"line":657,"column":0},"end":{"line":657,"column":0}},"657":{"start":{"line":658,"column":0},"end":{"line":658,"column":61}},"658":{"start":{"line":659,"column":0},"end":{"line":659,"column":30}},"659":{"start":{"line":660,"column":0},"end":{"line":660,"column":32}},"660":{"start":{"line":661,"column":0},"end":{"line":661,"column":24}},"661":{"start":{"line":662,"column":0},"end":{"line":662,"column":3}},"662":{"start":{"line":663,"column":0},"end":{"line":663,"column":0}},"663":{"start":{"line":664,"column":0},"end":{"line":664,"column":36}},"664":{"start":{"line":665,"column":0},"end":{"line":665,"column":14}},"665":{"start":{"line":666,"column":0},"end":{"line":666,"column":48}},"666":{"start":{"line":667,"column":0},"end":{"line":667,"column":30}},"667":{"start":{"line":668,"column":0},"end":{"line":668,"column":24}},"668":{"start":{"line":669,"column":0},"end":{"line":669,"column":24}},"669":{"start":{"line":670,"column":0},"end":{"line":670,"column":3}},"670":{"start":{"line":671,"column":0},"end":{"line":671,"column":0}},"671":{"start":{"line":672,"column":0},"end":{"line":672,"column":36}},"672":{"start":{"line":673,"column":0},"end":{"line":673,"column":14}},"673":{"start":{"line":674,"column":0},"end":{"line":674,"column":48}},"674":{"start":{"line":675,"column":0},"end":{"line":675,"column":30}},"675":{"start":{"line":676,"column":0},"end":{"line":676,"column":24}},"676":{"start":{"line":677,"column":0},"end":{"line":677,"column":24}},"677":{"start":{"line":678,"column":0},"end":{"line":678,"column":3}},"678":{"start":{"line":679,"column":0},"end":{"line":679,"column":28}},"679":{"start":{"line":680,"column":0},"end":{"line":680,"column":9}},"680":{"start":{"line":681,"column":0},"end":{"line":681,"column":71}},"681":{"start":{"line":682,"column":0},"end":{"line":682,"column":0}},"682":{"start":{"line":683,"column":0},"end":{"line":683,"column":72}},"683":{"start":{"line":684,"column":0},"end":{"line":684,"column":70}},"684":{"start":{"line":685,"column":0},"end":{"line":685,"column":6}},"685":{"start":{"line":686,"column":0},"end":{"line":686,"column":97}},"686":{"start":{"line":687,"column":0},"end":{"line":687,"column":2}},"687":{"start":{"line":688,"column":0},"end":{"line":688,"column":78}},"688":{"start":{"line":689,"column":0},"end":{"line":689,"column":67}},"689":{"start":{"line":690,"column":0},"end":{"line":690,"column":19}},"690":{"start":{"line":691,"column":0},"end":{"line":691,"column":20}},"691":{"start":{"line":692,"column":0},"end":{"line":692,"column":43}},"692":{"start":{"line":693,"column":0},"end":{"line":693,"column":30}},"693":{"start":{"line":694,"column":0},"end":{"line":694,"column":27}},"694":{"start":{"line":695,"column":0},"end":{"line":695,"column":40}},"695":{"start":{"line":696,"column":0},"end":{"line":696,"column":24}},"696":{"start":{"line":697,"column":0},"end":{"line":697,"column":3}},"697":{"start":{"line":698,"column":0},"end":{"line":698,"column":0}},"698":{"start":{"line":699,"column":0},"end":{"line":699,"column":22}},"699":{"start":{"line":700,"column":0},"end":{"line":700,"column":1}},"700":{"start":{"line":701,"column":0},"end":{"line":701,"column":0}},"701":{"start":{"line":702,"column":0},"end":{"line":702,"column":93}},"702":{"start":{"line":703,"column":0},"end":{"line":703,"column":93}},"703":{"start":{"line":704,"column":0},"end":{"line":704,"column":93}},"704":{"start":{"line":705,"column":0},"end":{"line":705,"column":93}},"705":{"start":{"line":706,"column":0},"end":{"line":706,"column":93}},"706":{"start":{"line":707,"column":0},"end":{"line":707,"column":93}},"707":{"start":{"line":708,"column":0},"end":{"line":708,"column":93}},"708":{"start":{"line":709,"column":0},"end":{"line":709,"column":93}},"709":{"start":{"line":710,"column":0},"end":{"line":710,"column":93}},"710":{"start":{"line":711,"column":0},"end":{"line":711,"column":93}},"711":{"start":{"line":712,"column":0},"end":{"line":712,"column":93}},"712":{"start":{"line":713,"column":0},"end":{"line":713,"column":93}},"713":{"start":{"line":714,"column":0},"end":{"line":714,"column":93}},"714":{"start":{"line":715,"column":0},"end":{"line":715,"column":93}},"715":{"start":{"line":716,"column":0},"end":{"line":716,"column":93}},"716":{"start":{"line":717,"column":0},"end":{"line":717,"column":93}},"717":{"start":{"line":718,"column":0},"end":{"line":718,"column":93}},"718":{"start":{"line":719,"column":0},"end":{"line":719,"column":93}},"719":{"start":{"line":720,"column":0},"end":{"line":720,"column":93}},"720":{"start":{"line":721,"column":0},"end":{"line":721,"column":93}},"721":{"start":{"line":722,"column":0},"end":{"line":722,"column":93}},"722":{"start":{"line":723,"column":0},"end":{"line":723,"column":0}},"723":{"start":{"line":724,"column":0},"end":{"line":724,"column":17}},"724":{"start":{"line":725,"column":0},"end":{"line":725,"column":66}},"725":{"start":{"line":726,"column":0},"end":{"line":726,"column":48}},"726":{"start":{"line":727,"column":0},"end":{"line":727,"column":39}},"727":{"start":{"line":728,"column":0},"end":{"line":728,"column":37}},"728":{"start":{"line":729,"column":0},"end":{"line":729,"column":11}},"729":{"start":{"line":730,"column":0},"end":{"line":730,"column":20}},"730":{"start":{"line":731,"column":0},"end":{"line":731,"column":20}},"731":{"start":{"line":732,"column":0},"end":{"line":732,"column":19}},"732":{"start":{"line":733,"column":0},"end":{"line":733,"column":4}},"733":{"start":{"line":734,"column":0},"end":{"line":734,"column":26}},"734":{"start":{"line":735,"column":0},"end":{"line":735,"column":26}},"735":{"start":{"line":736,"column":0},"end":{"line":736,"column":41}},"736":{"start":{"line":737,"column":0},"end":{"line":737,"column":0}},"737":{"start":{"line":738,"column":0},"end":{"line":738,"column":17}},"738":{"start":{"line":739,"column":0},"end":{"line":739,"column":12}},"739":{"start":{"line":740,"column":0},"end":{"line":740,"column":3}},"740":{"start":{"line":741,"column":0},"end":{"line":741,"column":0}},"741":{"start":{"line":742,"column":0},"end":{"line":742,"column":61}},"742":{"start":{"line":743,"column":0},"end":{"line":743,"column":16}},"743":{"start":{"line":744,"column":0},"end":{"line":744,"column":12}},"744":{"start":{"line":745,"column":0},"end":{"line":745,"column":35}},"745":{"start":{"line":746,"column":0},"end":{"line":746,"column":36}},"746":{"start":{"line":747,"column":0},"end":{"line":747,"column":27}},"747":{"start":{"line":748,"column":0},"end":{"line":748,"column":27}},"748":{"start":{"line":749,"column":0},"end":{"line":749,"column":69}},"749":{"start":{"line":750,"column":0},"end":{"line":750,"column":24}},"750":{"start":{"line":751,"column":0},"end":{"line":751,"column":3}},"751":{"start":{"line":752,"column":0},"end":{"line":752,"column":0}},"752":{"start":{"line":753,"column":0},"end":{"line":753,"column":23}},"753":{"start":{"line":754,"column":0},"end":{"line":754,"column":18}},"754":{"start":{"line":755,"column":0},"end":{"line":755,"column":7}},"755":{"start":{"line":756,"column":0},"end":{"line":756,"column":23}},"756":{"start":{"line":757,"column":0},"end":{"line":757,"column":30}},"757":{"start":{"line":758,"column":0},"end":{"line":758,"column":30}},"758":{"start":{"line":759,"column":0},"end":{"line":759,"column":62}},"759":{"start":{"line":760,"column":0},"end":{"line":760,"column":58}},"760":{"start":{"line":761,"column":0},"end":{"line":761,"column":28}},"761":{"start":{"line":762,"column":0},"end":{"line":762,"column":5}},"762":{"start":{"line":763,"column":0},"end":{"line":763,"column":5}},"763":{"start":{"line":764,"column":0},"end":{"line":764,"column":26}},"764":{"start":{"line":765,"column":0},"end":{"line":765,"column":20}},"765":{"start":{"line":766,"column":0},"end":{"line":766,"column":21}},"766":{"start":{"line":767,"column":0},"end":{"line":767,"column":27}},"767":{"start":{"line":768,"column":0},"end":{"line":768,"column":27}},"768":{"start":{"line":769,"column":0},"end":{"line":769,"column":35}},"769":{"start":{"line":770,"column":0},"end":{"line":770,"column":78}},"770":{"start":{"line":771,"column":0},"end":{"line":771,"column":14}},"771":{"start":{"line":772,"column":0},"end":{"line":772,"column":3}},"772":{"start":{"line":773,"column":0},"end":{"line":773,"column":0}},"773":{"start":{"line":774,"column":0},"end":{"line":774,"column":20}},"774":{"start":{"line":775,"column":0},"end":{"line":775,"column":26}},"775":{"start":{"line":776,"column":0},"end":{"line":776,"column":35}},"776":{"start":{"line":777,"column":0},"end":{"line":777,"column":43}},"777":{"start":{"line":778,"column":0},"end":{"line":778,"column":19}},"778":{"start":{"line":779,"column":0},"end":{"line":779,"column":62}},"779":{"start":{"line":780,"column":0},"end":{"line":780,"column":62}},"780":{"start":{"line":781,"column":0},"end":{"line":781,"column":62}},"781":{"start":{"line":782,"column":0},"end":{"line":782,"column":61}},"782":{"start":{"line":783,"column":0},"end":{"line":783,"column":3}},"783":{"start":{"line":784,"column":0},"end":{"line":784,"column":0}},"784":{"start":{"line":785,"column":0},"end":{"line":785,"column":16}},"785":{"start":{"line":786,"column":0},"end":{"line":786,"column":35}},"786":{"start":{"line":787,"column":0},"end":{"line":787,"column":3}},"787":{"start":{"line":788,"column":0},"end":{"line":788,"column":0}},"788":{"start":{"line":789,"column":0},"end":{"line":789,"column":50}},"789":{"start":{"line":790,"column":0},"end":{"line":790,"column":30}},"790":{"start":{"line":791,"column":0},"end":{"line":791,"column":52}},"791":{"start":{"line":792,"column":0},"end":{"line":792,"column":26}},"792":{"start":{"line":793,"column":0},"end":{"line":793,"column":40}},"793":{"start":{"line":794,"column":0},"end":{"line":794,"column":47}},"794":{"start":{"line":795,"column":0},"end":{"line":795,"column":26}},"795":{"start":{"line":796,"column":0},"end":{"line":796,"column":8}},"796":{"start":{"line":797,"column":0},"end":{"line":797,"column":5}},"797":{"start":{"line":798,"column":0},"end":{"line":798,"column":25}},"798":{"start":{"line":799,"column":0},"end":{"line":799,"column":50}},"799":{"start":{"line":800,"column":0},"end":{"line":800,"column":26}},"800":{"start":{"line":801,"column":0},"end":{"line":801,"column":40}},"801":{"start":{"line":802,"column":0},"end":{"line":802,"column":52}},"802":{"start":{"line":803,"column":0},"end":{"line":803,"column":21}},"803":{"start":{"line":804,"column":0},"end":{"line":804,"column":8}},"804":{"start":{"line":805,"column":0},"end":{"line":805,"column":5}},"805":{"start":{"line":806,"column":0},"end":{"line":806,"column":36}},"806":{"start":{"line":807,"column":0},"end":{"line":807,"column":26}},"807":{"start":{"line":808,"column":0},"end":{"line":808,"column":41}},"808":{"start":{"line":809,"column":0},"end":{"line":809,"column":53}},"809":{"start":{"line":810,"column":0},"end":{"line":810,"column":72}},"810":{"start":{"line":811,"column":0},"end":{"line":811,"column":8}},"811":{"start":{"line":812,"column":0},"end":{"line":812,"column":5}},"812":{"start":{"line":813,"column":0},"end":{"line":813,"column":57}},"813":{"start":{"line":814,"column":0},"end":{"line":814,"column":26}},"814":{"start":{"line":815,"column":0},"end":{"line":815,"column":79}},"815":{"start":{"line":816,"column":0},"end":{"line":816,"column":19}},"816":{"start":{"line":817,"column":0},"end":{"line":817,"column":32}},"817":{"start":{"line":818,"column":0},"end":{"line":818,"column":8}},"818":{"start":{"line":819,"column":0},"end":{"line":819,"column":5}},"819":{"start":{"line":820,"column":0},"end":{"line":820,"column":57}},"820":{"start":{"line":821,"column":0},"end":{"line":821,"column":26}},"821":{"start":{"line":822,"column":0},"end":{"line":822,"column":76}},"822":{"start":{"line":823,"column":0},"end":{"line":823,"column":19}},"823":{"start":{"line":824,"column":0},"end":{"line":824,"column":32}},"824":{"start":{"line":825,"column":0},"end":{"line":825,"column":8}},"825":{"start":{"line":826,"column":0},"end":{"line":826,"column":5}},"826":{"start":{"line":827,"column":0},"end":{"line":827,"column":64}},"827":{"start":{"line":828,"column":0},"end":{"line":828,"column":26}},"828":{"start":{"line":829,"column":0},"end":{"line":829,"column":58}},"829":{"start":{"line":830,"column":0},"end":{"line":830,"column":28}},"830":{"start":{"line":831,"column":0},"end":{"line":831,"column":25}},"831":{"start":{"line":832,"column":0},"end":{"line":832,"column":8}},"832":{"start":{"line":833,"column":0},"end":{"line":833,"column":5}},"833":{"start":{"line":834,"column":0},"end":{"line":834,"column":24}},"834":{"start":{"line":835,"column":0},"end":{"line":835,"column":3}},"835":{"start":{"line":836,"column":0},"end":{"line":836,"column":0}},"836":{"start":{"line":837,"column":0},"end":{"line":837,"column":68}},"837":{"start":{"line":838,"column":0},"end":{"line":838,"column":29}},"838":{"start":{"line":839,"column":0},"end":{"line":839,"column":26}},"839":{"start":{"line":840,"column":0},"end":{"line":840,"column":71}},"840":{"start":{"line":841,"column":0},"end":{"line":841,"column":8}},"841":{"start":{"line":842,"column":0},"end":{"line":842,"column":5}},"842":{"start":{"line":843,"column":0},"end":{"line":843,"column":24}},"843":{"start":{"line":844,"column":0},"end":{"line":844,"column":3}},"844":{"start":{"line":845,"column":0},"end":{"line":845,"column":0}},"845":{"start":{"line":846,"column":0},"end":{"line":846,"column":76}},"846":{"start":{"line":847,"column":0},"end":{"line":847,"column":24}},"847":{"start":{"line":848,"column":0},"end":{"line":848,"column":3}},"848":{"start":{"line":849,"column":0},"end":{"line":849,"column":0}},"849":{"start":{"line":850,"column":0},"end":{"line":850,"column":31}},"850":{"start":{"line":851,"column":0},"end":{"line":851,"column":17}},"851":{"start":{"line":852,"column":0},"end":{"line":852,"column":3}},"852":{"start":{"line":853,"column":0},"end":{"line":853,"column":0}},"853":{"start":{"line":854,"column":0},"end":{"line":854,"column":37}},"854":{"start":{"line":855,"column":0},"end":{"line":855,"column":17}},"855":{"start":{"line":856,"column":0},"end":{"line":856,"column":3}},"856":{"start":{"line":857,"column":0},"end":{"line":857,"column":0}},"857":{"start":{"line":858,"column":0},"end":{"line":858,"column":68}},"858":{"start":{"line":859,"column":0},"end":{"line":859,"column":30}},"859":{"start":{"line":860,"column":0},"end":{"line":860,"column":32}},"860":{"start":{"line":861,"column":0},"end":{"line":861,"column":24}},"861":{"start":{"line":862,"column":0},"end":{"line":862,"column":3}},"862":{"start":{"line":863,"column":0},"end":{"line":863,"column":0}},"863":{"start":{"line":864,"column":0},"end":{"line":864,"column":68}},"864":{"start":{"line":865,"column":0},"end":{"line":865,"column":30}},"865":{"start":{"line":866,"column":0},"end":{"line":866,"column":32}},"866":{"start":{"line":867,"column":0},"end":{"line":867,"column":24}},"867":{"start":{"line":868,"column":0},"end":{"line":868,"column":3}},"868":{"start":{"line":869,"column":0},"end":{"line":869,"column":0}},"869":{"start":{"line":870,"column":0},"end":{"line":870,"column":66}},"870":{"start":{"line":871,"column":0},"end":{"line":871,"column":30}},"871":{"start":{"line":872,"column":0},"end":{"line":872,"column":32}},"872":{"start":{"line":873,"column":0},"end":{"line":873,"column":32}},"873":{"start":{"line":874,"column":0},"end":{"line":874,"column":24}},"874":{"start":{"line":875,"column":0},"end":{"line":875,"column":3}},"875":{"start":{"line":876,"column":0},"end":{"line":876,"column":0}},"876":{"start":{"line":877,"column":0},"end":{"line":877,"column":68}},"877":{"start":{"line":878,"column":0},"end":{"line":878,"column":30}},"878":{"start":{"line":879,"column":0},"end":{"line":879,"column":33}},"879":{"start":{"line":880,"column":0},"end":{"line":880,"column":24}},"880":{"start":{"line":881,"column":0},"end":{"line":881,"column":3}},"881":{"start":{"line":882,"column":0},"end":{"line":882,"column":0}},"882":{"start":{"line":883,"column":0},"end":{"line":883,"column":66}},"883":{"start":{"line":884,"column":0},"end":{"line":884,"column":30}},"884":{"start":{"line":885,"column":0},"end":{"line":885,"column":33}},"885":{"start":{"line":886,"column":0},"end":{"line":886,"column":24}},"886":{"start":{"line":887,"column":0},"end":{"line":887,"column":3}},"887":{"start":{"line":888,"column":0},"end":{"line":888,"column":0}},"888":{"start":{"line":889,"column":0},"end":{"line":889,"column":72}},"889":{"start":{"line":890,"column":0},"end":{"line":890,"column":30}},"890":{"start":{"line":891,"column":0},"end":{"line":891,"column":33}},"891":{"start":{"line":892,"column":0},"end":{"line":892,"column":33}},"892":{"start":{"line":893,"column":0},"end":{"line":893,"column":24}},"893":{"start":{"line":894,"column":0},"end":{"line":894,"column":3}},"894":{"start":{"line":895,"column":0},"end":{"line":895,"column":0}},"895":{"start":{"line":896,"column":0},"end":{"line":896,"column":66}},"896":{"start":{"line":897,"column":0},"end":{"line":897,"column":30}},"897":{"start":{"line":898,"column":0},"end":{"line":898,"column":31}},"898":{"start":{"line":899,"column":0},"end":{"line":899,"column":24}},"899":{"start":{"line":900,"column":0},"end":{"line":900,"column":3}},"900":{"start":{"line":901,"column":0},"end":{"line":901,"column":0}},"901":{"start":{"line":902,"column":0},"end":{"line":902,"column":64}},"902":{"start":{"line":903,"column":0},"end":{"line":903,"column":30}},"903":{"start":{"line":904,"column":0},"end":{"line":904,"column":32}},"904":{"start":{"line":905,"column":0},"end":{"line":905,"column":24}},"905":{"start":{"line":906,"column":0},"end":{"line":906,"column":3}},"906":{"start":{"line":907,"column":0},"end":{"line":907,"column":0}},"907":{"start":{"line":908,"column":0},"end":{"line":908,"column":36}},"908":{"start":{"line":909,"column":0},"end":{"line":909,"column":14}},"909":{"start":{"line":910,"column":0},"end":{"line":910,"column":51}},"910":{"start":{"line":911,"column":0},"end":{"line":911,"column":30}},"911":{"start":{"line":912,"column":0},"end":{"line":912,"column":24}},"912":{"start":{"line":913,"column":0},"end":{"line":913,"column":24}},"913":{"start":{"line":914,"column":0},"end":{"line":914,"column":3}},"914":{"start":{"line":915,"column":0},"end":{"line":915,"column":0}},"915":{"start":{"line":916,"column":0},"end":{"line":916,"column":36}},"916":{"start":{"line":917,"column":0},"end":{"line":917,"column":14}},"917":{"start":{"line":918,"column":0},"end":{"line":918,"column":51}},"918":{"start":{"line":919,"column":0},"end":{"line":919,"column":30}},"919":{"start":{"line":920,"column":0},"end":{"line":920,"column":24}},"920":{"start":{"line":921,"column":0},"end":{"line":921,"column":24}},"921":{"start":{"line":922,"column":0},"end":{"line":922,"column":3}},"922":{"start":{"line":923,"column":0},"end":{"line":923,"column":0}},"923":{"start":{"line":924,"column":0},"end":{"line":924,"column":71}},"924":{"start":{"line":925,"column":0},"end":{"line":925,"column":67}},"925":{"start":{"line":926,"column":0},"end":{"line":926,"column":19}},"926":{"start":{"line":927,"column":0},"end":{"line":927,"column":20}},"927":{"start":{"line":928,"column":0},"end":{"line":928,"column":36}},"928":{"start":{"line":929,"column":0},"end":{"line":929,"column":30}},"929":{"start":{"line":930,"column":0},"end":{"line":930,"column":27}},"930":{"start":{"line":931,"column":0},"end":{"line":931,"column":40}},"931":{"start":{"line":932,"column":0},"end":{"line":932,"column":24}},"932":{"start":{"line":933,"column":0},"end":{"line":933,"column":3}},"933":{"start":{"line":934,"column":0},"end":{"line":934,"column":0}},"934":{"start":{"line":935,"column":0},"end":{"line":935,"column":5}},"935":{"start":{"line":936,"column":0},"end":{"line":936,"column":92}},"936":{"start":{"line":937,"column":0},"end":{"line":937,"column":77}},"937":{"start":{"line":938,"column":0},"end":{"line":938,"column":5}},"938":{"start":{"line":939,"column":0},"end":{"line":939,"column":78}},"939":{"start":{"line":940,"column":0},"end":{"line":940,"column":30}},"940":{"start":{"line":941,"column":0},"end":{"line":941,"column":44}},"941":{"start":{"line":942,"column":0},"end":{"line":942,"column":24}},"942":{"start":{"line":943,"column":0},"end":{"line":943,"column":3}},"943":{"start":{"line":944,"column":0},"end":{"line":944,"column":0}},"944":{"start":{"line":945,"column":0},"end":{"line":945,"column":22}},"945":{"start":{"line":946,"column":0},"end":{"line":946,"column":1}},"946":{"start":{"line":947,"column":0},"end":{"line":947,"column":0}},"947":{"start":{"line":948,"column":0},"end":{"line":948,"column":93}},"948":{"start":{"line":949,"column":0},"end":{"line":949,"column":93}},"949":{"start":{"line":950,"column":0},"end":{"line":950,"column":93}},"950":{"start":{"line":951,"column":0},"end":{"line":951,"column":93}},"951":{"start":{"line":952,"column":0},"end":{"line":952,"column":93}},"952":{"start":{"line":953,"column":0},"end":{"line":953,"column":93}},"953":{"start":{"line":954,"column":0},"end":{"line":954,"column":93}},"954":{"start":{"line":955,"column":0},"end":{"line":955,"column":93}},"955":{"start":{"line":956,"column":0},"end":{"line":956,"column":93}},"956":{"start":{"line":957,"column":0},"end":{"line":957,"column":93}},"957":{"start":{"line":958,"column":0},"end":{"line":958,"column":93}},"958":{"start":{"line":959,"column":0},"end":{"line":959,"column":93}},"959":{"start":{"line":960,"column":0},"end":{"line":960,"column":93}},"960":{"start":{"line":961,"column":0},"end":{"line":961,"column":93}},"961":{"start":{"line":962,"column":0},"end":{"line":962,"column":93}},"962":{"start":{"line":963,"column":0},"end":{"line":963,"column":93}},"963":{"start":{"line":964,"column":0},"end":{"line":964,"column":93}},"964":{"start":{"line":965,"column":0},"end":{"line":965,"column":93}},"965":{"start":{"line":966,"column":0},"end":{"line":966,"column":93}},"966":{"start":{"line":967,"column":0},"end":{"line":967,"column":93}},"967":{"start":{"line":968,"column":0},"end":{"line":968,"column":93}},"968":{"start":{"line":969,"column":0},"end":{"line":969,"column":0}},"969":{"start":{"line":970,"column":0},"end":{"line":970,"column":17}},"970":{"start":{"line":971,"column":0},"end":{"line":971,"column":66}},"971":{"start":{"line":972,"column":0},"end":{"line":972,"column":48}},"972":{"start":{"line":973,"column":0},"end":{"line":973,"column":37}},"973":{"start":{"line":974,"column":0},"end":{"line":974,"column":11}},"974":{"start":{"line":975,"column":0},"end":{"line":975,"column":20}},"975":{"start":{"line":976,"column":0},"end":{"line":976,"column":20}},"976":{"start":{"line":977,"column":0},"end":{"line":977,"column":19}},"977":{"start":{"line":978,"column":0},"end":{"line":978,"column":4}},"978":{"start":{"line":979,"column":0},"end":{"line":979,"column":26}},"979":{"start":{"line":980,"column":0},"end":{"line":980,"column":26}},"980":{"start":{"line":981,"column":0},"end":{"line":981,"column":0}},"981":{"start":{"line":982,"column":0},"end":{"line":982,"column":17}},"982":{"start":{"line":983,"column":0},"end":{"line":983,"column":12}},"983":{"start":{"line":984,"column":0},"end":{"line":984,"column":3}},"984":{"start":{"line":985,"column":0},"end":{"line":985,"column":0}},"985":{"start":{"line":986,"column":0},"end":{"line":986,"column":77}},"986":{"start":{"line":987,"column":0},"end":{"line":987,"column":35}},"987":{"start":{"line":988,"column":0},"end":{"line":988,"column":36}},"988":{"start":{"line":989,"column":0},"end":{"line":989,"column":27}},"989":{"start":{"line":990,"column":0},"end":{"line":990,"column":27}},"990":{"start":{"line":991,"column":0},"end":{"line":991,"column":24}},"991":{"start":{"line":992,"column":0},"end":{"line":992,"column":3}},"992":{"start":{"line":993,"column":0},"end":{"line":993,"column":0}},"993":{"start":{"line":994,"column":0},"end":{"line":994,"column":23}},"994":{"start":{"line":995,"column":0},"end":{"line":995,"column":18}},"995":{"start":{"line":996,"column":0},"end":{"line":996,"column":7}},"996":{"start":{"line":997,"column":0},"end":{"line":997,"column":23}},"997":{"start":{"line":998,"column":0},"end":{"line":998,"column":24}},"998":{"start":{"line":999,"column":0},"end":{"line":999,"column":24}},"999":{"start":{"line":1000,"column":0},"end":{"line":1000,"column":28}},"1000":{"start":{"line":1001,"column":0},"end":{"line":1001,"column":5}},"1001":{"start":{"line":1002,"column":0},"end":{"line":1002,"column":5}},"1002":{"start":{"line":1003,"column":0},"end":{"line":1003,"column":26}},"1003":{"start":{"line":1004,"column":0},"end":{"line":1004,"column":21}},"1004":{"start":{"line":1005,"column":0},"end":{"line":1005,"column":21}},"1005":{"start":{"line":1006,"column":0},"end":{"line":1006,"column":21}},"1006":{"start":{"line":1007,"column":0},"end":{"line":1007,"column":20}},"1007":{"start":{"line":1008,"column":0},"end":{"line":1008,"column":14}},"1008":{"start":{"line":1009,"column":0},"end":{"line":1009,"column":3}},"1009":{"start":{"line":1010,"column":0},"end":{"line":1010,"column":0}},"1010":{"start":{"line":1011,"column":0},"end":{"line":1011,"column":20}},"1011":{"start":{"line":1012,"column":0},"end":{"line":1012,"column":26}},"1012":{"start":{"line":1013,"column":0},"end":{"line":1013,"column":35}},"1013":{"start":{"line":1014,"column":0},"end":{"line":1014,"column":43}},"1014":{"start":{"line":1015,"column":0},"end":{"line":1015,"column":19}},"1015":{"start":{"line":1016,"column":0},"end":{"line":1016,"column":56}},"1016":{"start":{"line":1017,"column":0},"end":{"line":1017,"column":56}},"1017":{"start":{"line":1018,"column":0},"end":{"line":1018,"column":51}},"1018":{"start":{"line":1019,"column":0},"end":{"line":1019,"column":3}},"1019":{"start":{"line":1020,"column":0},"end":{"line":1020,"column":0}},"1020":{"start":{"line":1021,"column":0},"end":{"line":1021,"column":16}},"1021":{"start":{"line":1022,"column":0},"end":{"line":1022,"column":35}},"1022":{"start":{"line":1023,"column":0},"end":{"line":1023,"column":3}},"1023":{"start":{"line":1024,"column":0},"end":{"line":1024,"column":0}},"1024":{"start":{"line":1025,"column":0},"end":{"line":1025,"column":50}},"1025":{"start":{"line":1026,"column":0},"end":{"line":1026,"column":30}},"1026":{"start":{"line":1027,"column":0},"end":{"line":1027,"column":52}},"1027":{"start":{"line":1028,"column":0},"end":{"line":1028,"column":26}},"1028":{"start":{"line":1029,"column":0},"end":{"line":1029,"column":40}},"1029":{"start":{"line":1030,"column":0},"end":{"line":1030,"column":47}},"1030":{"start":{"line":1031,"column":0},"end":{"line":1031,"column":26}},"1031":{"start":{"line":1032,"column":0},"end":{"line":1032,"column":8}},"1032":{"start":{"line":1033,"column":0},"end":{"line":1033,"column":5}},"1033":{"start":{"line":1034,"column":0},"end":{"line":1034,"column":25}},"1034":{"start":{"line":1035,"column":0},"end":{"line":1035,"column":50}},"1035":{"start":{"line":1036,"column":0},"end":{"line":1036,"column":26}},"1036":{"start":{"line":1037,"column":0},"end":{"line":1037,"column":40}},"1037":{"start":{"line":1038,"column":0},"end":{"line":1038,"column":52}},"1038":{"start":{"line":1039,"column":0},"end":{"line":1039,"column":21}},"1039":{"start":{"line":1040,"column":0},"end":{"line":1040,"column":8}},"1040":{"start":{"line":1041,"column":0},"end":{"line":1041,"column":5}},"1041":{"start":{"line":1042,"column":0},"end":{"line":1042,"column":36}},"1042":{"start":{"line":1043,"column":0},"end":{"line":1043,"column":26}},"1043":{"start":{"line":1044,"column":0},"end":{"line":1044,"column":41}},"1044":{"start":{"line":1045,"column":0},"end":{"line":1045,"column":53}},"1045":{"start":{"line":1046,"column":0},"end":{"line":1046,"column":72}},"1046":{"start":{"line":1047,"column":0},"end":{"line":1047,"column":8}},"1047":{"start":{"line":1048,"column":0},"end":{"line":1048,"column":5}},"1048":{"start":{"line":1049,"column":0},"end":{"line":1049,"column":50}},"1049":{"start":{"line":1050,"column":0},"end":{"line":1050,"column":26}},"1050":{"start":{"line":1051,"column":0},"end":{"line":1051,"column":72}},"1051":{"start":{"line":1052,"column":0},"end":{"line":1052,"column":19}},"1052":{"start":{"line":1053,"column":0},"end":{"line":1053,"column":11}},"1053":{"start":{"line":1054,"column":0},"end":{"line":1054,"column":8}},"1054":{"start":{"line":1055,"column":0},"end":{"line":1055,"column":5}},"1055":{"start":{"line":1056,"column":0},"end":{"line":1056,"column":50}},"1056":{"start":{"line":1057,"column":0},"end":{"line":1057,"column":26}},"1057":{"start":{"line":1058,"column":0},"end":{"line":1058,"column":69}},"1058":{"start":{"line":1059,"column":0},"end":{"line":1059,"column":19}},"1059":{"start":{"line":1060,"column":0},"end":{"line":1060,"column":11}},"1060":{"start":{"line":1061,"column":0},"end":{"line":1061,"column":8}},"1061":{"start":{"line":1062,"column":0},"end":{"line":1062,"column":5}},"1062":{"start":{"line":1063,"column":0},"end":{"line":1063,"column":24}},"1063":{"start":{"line":1064,"column":0},"end":{"line":1064,"column":3}},"1064":{"start":{"line":1065,"column":0},"end":{"line":1065,"column":0}},"1065":{"start":{"line":1066,"column":0},"end":{"line":1066,"column":68}},"1066":{"start":{"line":1067,"column":0},"end":{"line":1067,"column":29}},"1067":{"start":{"line":1068,"column":0},"end":{"line":1068,"column":26}},"1068":{"start":{"line":1069,"column":0},"end":{"line":1069,"column":71}},"1069":{"start":{"line":1070,"column":0},"end":{"line":1070,"column":8}},"1070":{"start":{"line":1071,"column":0},"end":{"line":1071,"column":5}},"1071":{"start":{"line":1072,"column":0},"end":{"line":1072,"column":24}},"1072":{"start":{"line":1073,"column":0},"end":{"line":1073,"column":3}},"1073":{"start":{"line":1074,"column":0},"end":{"line":1074,"column":0}},"1074":{"start":{"line":1075,"column":0},"end":{"line":1075,"column":76}},"1075":{"start":{"line":1076,"column":0},"end":{"line":1076,"column":24}},"1076":{"start":{"line":1077,"column":0},"end":{"line":1077,"column":3}},"1077":{"start":{"line":1078,"column":0},"end":{"line":1078,"column":0}},"1078":{"start":{"line":1079,"column":0},"end":{"line":1079,"column":56}},"1079":{"start":{"line":1080,"column":0},"end":{"line":1080,"column":74}},"1080":{"start":{"line":1081,"column":0},"end":{"line":1081,"column":3}},"1081":{"start":{"line":1082,"column":0},"end":{"line":1082,"column":0}},"1082":{"start":{"line":1083,"column":0},"end":{"line":1083,"column":51}},"1083":{"start":{"line":1084,"column":0},"end":{"line":1084,"column":74}},"1084":{"start":{"line":1085,"column":0},"end":{"line":1085,"column":3}},"1085":{"start":{"line":1086,"column":0},"end":{"line":1086,"column":0}},"1086":{"start":{"line":1087,"column":0},"end":{"line":1087,"column":58}},"1087":{"start":{"line":1088,"column":0},"end":{"line":1088,"column":30}},"1088":{"start":{"line":1089,"column":0},"end":{"line":1089,"column":32}},"1089":{"start":{"line":1090,"column":0},"end":{"line":1090,"column":24}},"1090":{"start":{"line":1091,"column":0},"end":{"line":1091,"column":3}},"1091":{"start":{"line":1092,"column":0},"end":{"line":1092,"column":0}},"1092":{"start":{"line":1093,"column":0},"end":{"line":1093,"column":58}},"1093":{"start":{"line":1094,"column":0},"end":{"line":1094,"column":30}},"1094":{"start":{"line":1095,"column":0},"end":{"line":1095,"column":32}},"1095":{"start":{"line":1096,"column":0},"end":{"line":1096,"column":24}},"1096":{"start":{"line":1097,"column":0},"end":{"line":1097,"column":3}},"1097":{"start":{"line":1098,"column":0},"end":{"line":1098,"column":0}},"1098":{"start":{"line":1099,"column":0},"end":{"line":1099,"column":56}},"1099":{"start":{"line":1100,"column":0},"end":{"line":1100,"column":30}},"1100":{"start":{"line":1101,"column":0},"end":{"line":1101,"column":32}},"1101":{"start":{"line":1102,"column":0},"end":{"line":1102,"column":32}},"1102":{"start":{"line":1103,"column":0},"end":{"line":1103,"column":24}},"1103":{"start":{"line":1104,"column":0},"end":{"line":1104,"column":3}},"1104":{"start":{"line":1105,"column":0},"end":{"line":1105,"column":0}},"1105":{"start":{"line":1106,"column":0},"end":{"line":1106,"column":58}},"1106":{"start":{"line":1107,"column":0},"end":{"line":1107,"column":30}},"1107":{"start":{"line":1108,"column":0},"end":{"line":1108,"column":33}},"1108":{"start":{"line":1109,"column":0},"end":{"line":1109,"column":24}},"1109":{"start":{"line":1110,"column":0},"end":{"line":1110,"column":3}},"1110":{"start":{"line":1111,"column":0},"end":{"line":1111,"column":0}},"1111":{"start":{"line":1112,"column":0},"end":{"line":1112,"column":56}},"1112":{"start":{"line":1113,"column":0},"end":{"line":1113,"column":30}},"1113":{"start":{"line":1114,"column":0},"end":{"line":1114,"column":33}},"1114":{"start":{"line":1115,"column":0},"end":{"line":1115,"column":24}},"1115":{"start":{"line":1116,"column":0},"end":{"line":1116,"column":3}},"1116":{"start":{"line":1117,"column":0},"end":{"line":1117,"column":0}},"1117":{"start":{"line":1118,"column":0},"end":{"line":1118,"column":62}},"1118":{"start":{"line":1119,"column":0},"end":{"line":1119,"column":30}},"1119":{"start":{"line":1120,"column":0},"end":{"line":1120,"column":33}},"1120":{"start":{"line":1121,"column":0},"end":{"line":1121,"column":33}},"1121":{"start":{"line":1122,"column":0},"end":{"line":1122,"column":24}},"1122":{"start":{"line":1123,"column":0},"end":{"line":1123,"column":3}},"1123":{"start":{"line":1124,"column":0},"end":{"line":1124,"column":0}},"1124":{"start":{"line":1125,"column":0},"end":{"line":1125,"column":56}},"1125":{"start":{"line":1126,"column":0},"end":{"line":1126,"column":30}},"1126":{"start":{"line":1127,"column":0},"end":{"line":1127,"column":31}},"1127":{"start":{"line":1128,"column":0},"end":{"line":1128,"column":24}},"1128":{"start":{"
[...]
"column":77}},"436":{"start":{"line":437,"column":0},"end":{"line":437,"column":5}},"437":{"start":{"line":438,"column":0},"end":{"line":438,"column":35}},"438":{"start":{"line":439,"column":0},"end":{"line":439,"column":20}},"439":{"start":{"line":440,"column":0},"end":{"line":440,"column":20}},"440":{"start":{"line":441,"column":0},"end":{"line":441,"column":5}},"441":{"start":{"line":442,"column":0},"end":{"line":442,"column":74}},"442":{"start":{"line":443,"column":0},"end":{"line":443,"column":5}},"443":{"start":{"line":444,"column":0},"end":{"line":444,"column":25}},"444":{"start":{"line":445,"column":0},"end":{"line":445,"column":5}},"445":{"start":{"line":446,"column":0},"end":{"line":446,"column":76}},"446":{"start":{"line":447,"column":0},"end":{"line":447,"column":5}},"447":{"start":{"line":448,"column":0},"end":{"line":448,"column":25}},"448":{"start":{"line":449,"column":0},"end":{"line":449,"column":20}},"449":{"start":{"line":450,"column":0},"end":{"line":450,"column":5}},"450":{"start":{"line":451,"column":0},"end":{"line":451,"column":76}},"451":{"start":{"line":452,"column":0},"end":{"line":452,"column":5}},"452":{"start":{"line":453,"column":0},"end":{"line":453,"column":25}},"453":{"start":{"line":454,"column":0},"end":{"line":454,"column":20}},"454":{"start":{"line":455,"column":0},"end":{"line":455,"column":5}},"455":{"start":{"line":456,"column":0},"end":{"line":456,"column":78}},"456":{"start":{"line":457,"column":0},"end":{"line":457,"column":5}},"457":{"start":{"line":458,"column":0},"end":{"line":458,"column":25}},"458":{"start":{"line":459,"column":0},"end":{"line":459,"column":20}},"459":{"start":{"line":460,"column":0},"end":{"line":460,"column":20}},"460":{"start":{"line":461,"column":0},"end":{"line":461,"column":5}},"461":{"start":{"line":462,"column":0},"end":{"line":462,"column":10}},"462":{"start":{"line":463,"column":0},"end":{"line":463,"column":0}},"463":{"start":{"line":464,"column":0},"end":{"line":464,"column":34}},"464":{"start":{"line":465,"column":0},"end":{"line":465,"column":22}},"465":{"start":{"line":466,"column":0},"end":{"line":466,"column":29}},"466":{"start":{"line":467,"column":0},"end":{"line":467,"column":29}},"467":{"start":{"line":468,"column":0},"end":{"line":468,"column":26}},"468":{"start":{"line":469,"column":0},"end":{"line":469,"column":66}},"469":{"start":{"line":470,"column":0},"end":{"line":470,"column":7}},"470":{"start":{"line":471,"column":0},"end":{"line":471,"column":7}},"471":{"start":{"line":472,"column":0},"end":{"line":472,"column":7}},"472":{"start":{"line":473,"column":0},"end":{"line":473,"column":7}},"473":{"start":{"line":474,"column":0},"end":{"line":474,"column":1}},"474":{"start":{"line":475,"column":0},"end":{"line":475,"column":5}},"475":{"start":{"line":476,"column":0},"end":{"line":476,"column":35}},"476":{"start":{"line":477,"column":0},"end":{"line":477,"column":5}},"477":{"start":{"line":478,"column":0},"end":{"line":478,"column":66}},"478":{"start":{"line":479,"column":0},"end":{"line":479,"column":11}},"479":{"start":{"line":480,"column":0},"end":{"line":480,"column":13}},"480":{"start":{"line":481,"column":0},"end":{"line":481,"column":11}},"481":{"start":{"line":482,"column":0},"end":{"line":482,"column":11}},"482":{"start":{"line":483,"column":0},"end":{"line":483,"column":5}},"483":{"start":{"line":484,"column":0},"end":{"line":484,"column":5}},"484":{"start":{"line":485,"column":0},"end":{"line":485,"column":35}},"485":{"start":{"line":486,"column":0},"end":{"line":486,"column":22}},"486":{"start":{"line":487,"column":0},"end":{"line":487,"column":5}},"487":{"start":{"line":488,"column":0},"end":{"line":488,"column":66}},"488":{"start":{"line":489,"column":0},"end":{"line":489,"column":11}},"489":{"start":{"line":490,"column":0},"end":{"line":490,"column":11}},"490":{"start":{"line":491,"column":0},"end":{"line":491,"column":13}},"491":{"start":{"line":492,"column":0},"end":{"line":492,"column":11}},"492":{"start":{"line":493,"column":0},"end":{"line":493,"column":5}},"493":{"start":{"line":494,"column":0},"end":{"line":494,"column":5}},"494":{"start":{"line":495,"column":0},"end":{"line":495,"column":35}},"495":{"start":{"line":496,"column":0},"end":{"line":496,"column":22}},"496":{"start":{"line":497,"column":0},"end":{"line":497,"column":5}},"497":{"start":{"line":498,"column":0},"end":{"line":498,"column":66}},"498":{"start":{"line":499,"column":0},"end":{"line":499,"column":11}},"499":{"start":{"line":500,"column":0},"end":{"line":500,"column":13}},"500":{"start":{"line":501,"column":0},"end":{"line":501,"column":13}},"501":{"start":{"line":502,"column":0},"end":{"line":502,"column":11}},"502":{"start":{"line":503,"column":0},"end":{"line":503,"column":5}},"503":{"start":{"line":504,"column":0},"end":{"line":504,"column":5}},"504":{"start":{"line":505,"column":0},"end":{"line":505,"column":35}},"505":{"start":{"line":506,"column":0},"end":{"line":506,"column":22}},"506":{"start":{"line":507,"column":0},"end":{"line":507,"column":22}},"507":{"start":{"line":508,"column":0},"end":{"line":508,"column":5}},"508":{"start":{"line":509,"column":0},"end":{"line":509,"column":66}},"509":{"start":{"line":510,"column":0},"end":{"line":510,"column":12}},"510":{"start":{"line":511,"column":0},"end":{"line":511,"column":11}},"511":{"start":{"line":512,"column":0},"end":{"line":512,"column":11}},"512":{"start":{"line":513,"column":0},"end":{"line":513,"column":11}},"513":{"start":{"line":514,"column":0},"end":{"line":514,"column":5}},"514":{"start":{"line":515,"column":0},"end":{"line":515,"column":5}},"515":{"start":{"line":516,"column":0},"end":{"line":516,"column":25}},"516":{"start":{"line":517,"column":0},"end":{"line":517,"column":5}},"517":{"start":{"line":518,"column":0},"end":{"line":518,"column":66}},"518":{"start":{"line":519,"column":0},"end":{"line":519,"column":12}},"519":{"start":{"line":520,"column":0},"end":{"line":520,"column":13}},"520":{"start":{"line":521,"column":0},"end":{"line":521,"column":11}},"521":{"start":{"line":522,"column":0},"end":{"line":522,"column":11}},"522":{"start":{"line":523,"column":0},"end":{"line":523,"column":5}},"523":{"start":{"line":524,"column":0},"end":{"line":524,"column":5}},"524":{"start":{"line":525,"column":0},"end":{"line":525,"column":25}},"525":{"start":{"line":526,"column":0},"end":{"line":526,"column":22}},"526":{"start":{"line":527,"column":0},"end":{"line":527,"column":5}},"527":{"start":{"line":528,"column":0},"end":{"line":528,"column":66}},"528":{"start":{"line":529,"column":0},"end":{"line":529,"column":12}},"529":{"start":{"line":530,"column":0},"end":{"line":530,"column":11}},"530":{"start":{"line":531,"column":0},"end":{"line":531,"column":13}},"531":{"start":{"line":532,"column":0},"end":{"line":532,"column":11}},"532":{"start":{"line":533,"column":0},"end":{"line":533,"column":5}},"533":{"start":{"line":534,"column":0},"end":{"line":534,"column":5}},"534":{"start":{"line":535,"column":0},"end":{"line":535,"column":25}},"535":{"start":{"line":536,"column":0},"end":{"line":536,"column":22}},"536":{"start":{"line":537,"column":0},"end":{"line":537,"column":5}},"537":{"start":{"line":538,"column":0},"end":{"line":538,"column":66}},"538":{"start":{"line":539,"column":0},"end":{"line":539,"column":12}},"539":{"start":{"line":540,"column":0},"end":{"line":540,"column":13}},"540":{"start":{"line":541,"column":0},"end":{"line":541,"column":13}},"541":{"start":{"line":542,"column":0},"end":{"line":542,"column":11}},"542":{"start":{"line":543,"column":0},"end":{"line":543,"column":5}},"543":{"start":{"line":544,"column":0},"end":{"line":544,"column":5}},"544":{"start":{"line":545,"column":0},"end":{"line":545,"column":25}},"545":{"start":{"line":546,"column":0},"end":{"line":546,"column":22}},"546":{"start":{"line":547,"column":0},"end":{"line":547,"column":22}},"547":{"start":{"line":548,"column":0},"end":{"line":548,"column":5}},"548":{"start":{"line":549,"column":0},"end":{"line":549,"column":66}},"549":{"start":{"line":550,"column":0},"end":{"line":550,"column":11}},"550":{"start":{"line":551,"column":0},"end":{"line":551,"column":11}},"551":{"start":{"line":552,"column":0},"end":{"line":552,"column":11}},"552":{"start":{"line":553,"column":0},"end":{"line":553,"column":19}},"553":{"start":{"line":554,"column":0},"end":{"line":554,"column":5}},"554":{"start":{"line":555,"column":0},"end":{"line":555,"column":5}},"555":{"start":{"line":556,"column":0},"end":{"line":556,"column":35}},"556":{"start":{"line":557,"column":0},"end":{"line":557,"column":22}},"557":{"start":{"line":558,"column":0},"end":{"line":558,"column":5}},"558":{"start":{"line":559,"column":0},"end":{"line":559,"column":66}},"559":{"start":{"line":560,"column":0},"end":{"line":560,"column":11}},"560":{"start":{"line":561,"column":0},"end":{"line":561,"column":13}},"561":{"start":{"line":562,"column":0},"end":{"line":562,"column":11}},"562":{"start":{"line":563,"column":0},"end":{"line":563,"column":19}},"563":{"start":{"line":564,"column":0},"end":{"line":564,"column":5}},"564":{"start":{"line":565,"column":0},"end":{"line":565,"column":5}},"565":{"start":{"line":566,"column":0},"end":{"line":566,"column":35}},"566":{"start":{"line":567,"column":0},"end":{"line":567,"column":22}},"567":{"start":{"line":568,"column":0},"end":{"line":568,"column":22}},"568":{"start":{"line":569,"column":0},"end":{"line":569,"column":5}},"569":{"start":{"line":570,"column":0},"end":{"line":570,"column":66}},"570":{"start":{"line":571,"column":0},"end":{"line":571,"column":11}},"571":{"start":{"line":572,"column":0},"end":{"line":572,"column":11}},"572":{"start":{"line":573,"column":0},"end":{"line":573,"column":13}},"573":{"start":{"line":574,"column":0},"end":{"line":574,"column":19}},"574":{"start":{"line":575,"column":0},"end":{"line":575,"column":5}},"575":{"start":{"line":576,"column":0},"end":{"line":576,"column":5}},"576":{"start":{"line":577,"column":0},"end":{"line":577,"column":35}},"577":{"start":{"line":578,"column":0},"end":{"line":578,"column":22}},"578":{"start":{"line":579,"column":0},"end":{"line":579,"column":22}},"579":{"start":{"line":580,"column":0},"end":{"line":580,"column":5}},"580":{"start":{"line":581,"column":0},"end":{"line":581,"column":66}},"581":{"start":{"line":582,"column":0},"end":{"line":582,"column":11}},"582":{"start":{"line":583,"column":0},"end":{"line":583,"column":13}},"583":{"start":{"line":584,"column":0},"end":{"line":584,"column":13}},"584":{"start":{"line":585,"column":0},"end":{"line":585,"column":19}},"585":{"start":{"line":586,"column":0},"end":{"line":586,"column":5}},"586":{"start":{"line":587,"column":0},"end":{"line":587,"column":5}},"587":{"start":{"line":588,"column":0},"end":{"line":588,"column":35}},"588":{"start":{"line":589,"column":0},"end":{"line":589,"column":22}},"589":{"start":{"line":590,"column":0},"end":{"line":590,"column":22}},"590":{"start":{"line":591,"column":0},"end":{"line":591,"column":22}},"591":{"start":{"line":592,"column":0},"end":{"line":592,"column":5}},"592":{"start":{"line":593,"column":0},"end":{"line":593,"column":66}},"593":{"start":{"line":594,"column":0},"end":{"line":594,"column":12}},"594":{"start":{"line":595,"column":0},"end":{"line":595,"column":11}},"595":{"start":{"line":596,"column":0},"end":{"line":596,"column":11}},"596":{"start":{"line":597,"column":0},"end":{"line":597,"column":19}},"597":{"start":{"line":598,"column":0},"end":{"line":598,"column":5}},"598":{"start":{"line":599,"column":0},"end":{"line":599,"column":5}},"599":{"start":{"line":600,"column":0},"end":{"line":600,"column":25}},"600":{"start":{"line":601,"column":0},"end":{"line":601,"column":22}},"601":{"start":{"line":602,"column":0},"end":{"line":602,"column":5}},"602":{"start":{"line":603,"column":0},"end":{"line":603,"column":66}},"603":{"start":{"line":604,"column":0},"end":{"line":604,"column":12}},"604":{"start":{"line":605,"column":0},"end":{"line":605,"column":13}},"605":{"start":{"line":606,"column":0},"end":{"line":606,"column":11}},"606":{"start":{"line":607,"column":0},"end":{"line":607,"column":19}},"607":{"start":{"line":608,"column":0},"end":{"line":608,"column":5}},"608":{"start":{"line":609,"column":0},"end":{"line":609,"column":5}},"609":{"start":{"line":610,"column":0},"end":{"line":610,"column":25}},"610":{"start":{"line":611,"column":0},"end":{"line":611,"column":22}},"611":{"start":{"line":612,"column":0},"end":{"line":612,"column":22}},"612":{"start":{"line":613,"column":0},"end":{"line":613,"column":5}},"613":{"start":{"line":614,"column":0},"end":{"line":614,"column":66}},"614":{"start":{"line":615,"column":0},"end":{"line":615,"column":12}},"615":{"start":{"line":616,"column":0},"end":{"line":616,"column":11}},"616":{"start":{"line":617,"column":0},"end":{"line":617,"column":13}},"617":{"start":{"line":618,"column":0},"end":{"line":618,"column":19}},"618":{"start":{"line":619,"column":0},"end":{"line":619,"column":5}},"619":{"start":{"line":620,"column":0},"end":{"line":620,"column":5}},"620":{"start":{"line":621,"column":0},"end":{"line":621,"column":25}},"621":{"start":{"line":622,"column":0},"end":{"line":622,"column":22}},"622":{"start":{"line":623,"column":0},"end":{"line":623,"column":22}},"623":{"start":{"line":624,"column":0},"end":{"line":624,"column":5}},"624":{"start":{"line":625,"column":0},"end":{"line":625,"column":66}},"625":{"start":{"line":626,"column":0},"end":{"line":626,"column":12}},"626":{"start":{"line":627,"column":0},"end":{"line":627,"column":13}},"627":{"start":{"line":628,"column":0},"end":{"line":628,"column":13}},"628":{"start":{"line":629,"column":0},"end":{"line":629,"column":19}},"629":{"start":{"line":630,"column":0},"end":{"line":630,"column":5}},"630":{"start":{"line":631,"column":0},"end":{"line":631,"column":5}},"631":{"start":{"line":632,"column":0},"end":{"line":632,"column":25}},"632":{"start":{"line":633,"column":0},"end":{"line":633,"column":22}},"633":{"start":{"line":634,"column":0},"end":{"line":634,"column":22}},"634":{"start":{"line":635,"column":0},"end":{"line":635,"column":22}},"635":{"start":{"line":636,"column":0},"end":{"line":636,"column":5}},"636":{"start":{"line":637,"column":0},"end":{"line":637,"column":10}},"637":{"start":{"line":638,"column":0},"end":{"line":638,"column":0}},"638":{"start":{"line":639,"column":0},"end":{"line":639,"column":47}},"639":{"start":{"line":640,"column":0},"end":{"line":640,"column":25}},"640":{"start":{"line":641,"column":0},"end":{"line":641,"column":58}},"641":{"start":{"line":642,"column":0},"end":{"line":642,"column":40}},"642":{"start":{"line":643,"column":0},"end":{"line":643,"column":36}},"643":{"start":{"line":644,"column":0},"end":{"line":644,"column":1}}},"s":{"0":1,"1":1,"2":1,"3":1,"4":1,"5":1,"6":1,"7":1,"8":1,"9":1,"10":1,"11":1,"12":1,"13":1,"14":1,"15":1,"16":1,"17":1,"18":1,"19":1,"20":1,"21":1,"22":1,"23":1,"24":1,"25":1,"26":1,"27":1,"28":1,"29":1,"30":1,"31":1,"32":1,"33":1,"34":1,"35":1,"36":1,"37":1,"38":1,"39":1,"40":1,"41":1,"42":1,"43":1,"44":1,"45":1,"46":1,"47":1,"48":1,"49":1,"50":1,"51":1,"52":1,"53":1,"54":1,"55":1,"56":1,"57":1,"58":1,"59":1,"60":1,"61":1,"62":1,"63":1,"64":1,"65":1,"66":1,"67":1,"68":1,"69":1,"70":1,"71":1,"72":1,"73":1,"74":1,"75":1,"76":1,"77":1,"78":1,"79":1,"80":1,"81":1,"82":1,"83":1,"84":1,"85":1,"86":1,"87":1,"88":1,"89":1,"90":1,"91":1,"92":1,"93":1,"94":1,"95":1,"96":1,"97":1,"98":1,"99":1,"100":1,"101":1,"102":1,"103":1,"104":1,"105":1,"106":1,"107":1,"108":1,"109":1,"110":1,"111":1,"112":1,"113":1,"114":1,"115":1,"116":1,"117":1,"118":1,"119":1,"120":1,"121":1,"122":1,"123":1,"124":1,"125":1,"126":1,"127":1,"128":1,"129":1,"130":1,"131":1,"132":1,"133":1,"134":1,"135":1,"136":1,"137":1,"138":1,"139":1,"140":1,"141":1,"142":1,"143":1,"144":1,"145":1,"146":1,"147":1,"148":1,"149":1,"150":1,"151":1,"152":1,"153":1,"154":1,"155":1,"156":1,"157":1,"158":1,"159":1,"160":1,"161":1,"162":1,"163":1,"164":1,"165":1,"166":1,"167":1,"168":1,"169":1,"170":1,"171":1,"172":1,"173":1,"174":1,"175":1,"176":1,"177":1,"178":1,"179":1,"180":1,"181":1,"182":1,"183":1,"184":1,"185":1,"186":1,"187":1,"188":1,"189":1,"190":1,"191":1,"192":1,"193":1,"194":1,"195":1,"196":1,"197":1,"198":1,"199":1,"200":1,"201":1,"202":1,"203":1,"204":1,"205":1,"206":1,"207":1,"208":1,"209":1,"210":1,"211":1,"212":1,"213":1,"214":1,"215":1,"216":1,"217":1,"218":1,"219":1,"220":1,"221":1,"222":1,"223":1,"224":1,"225":1,"226":1,"227":1,"228":1,"229":1,"230":1,"231":1,"232":1,"233":1,"234":1,"235":1,"236":1,"237":1,"238":1,"239":1,"240":1,"241":1,"242":1,"243":1,"244":1,"245":1,"246":1,"247":1,"248":1,"249":1,"250":1,"251":1,"252":1,"253":1,"254":1,"255":1,"256":1,"257":1,"258":1,"259":1,"260":1,"261":1,"262":1,"263":1,"264":1,"265":1,"266":1,"267":1,"268":1,"269":1,"270":1,"271":1,"272":1,"273":1,"274":1,"275":1,"276":1,"277":1,"278":1,"279":1,"280":1,"281":1,"282":1,"283":1,"284":1,"285":1,"286":1,"287":1,"288":1,"289":1,"290":1,"291":1,"292":1,"293":1,"294":1,"295":1,"296":1,"297":1,"298":1,"299":1,"300":1,"301":1,"302":1,"303":1,"304":1,"305":1,"306":1,"307":1,"308":1,"309":1,"310":1,"311":1,"312":1,"313":1,"314":1,"315":1,"316":1,"317":1,"318":1,"319":1,"320":1,"321":1,"322":1,"323":1,"324":1,"325":1,"326":1,"327":1,"328":1,"329":1,"330":1,"331":1,"332":1,"333":1,"334":1,"335":1,"336":1,"337":1,"338":1,"339":1,"340":1,"341":1,"342":1,"343":1,"344":1,"345":1,"346":1,"347":1,"348":1,"349":1,"350":1,"351":1,"352":1,"353":1,"354":1,"355":1,"356":1,"357":1,"358":1,"359":1,"360":1,"361":1,"362":1,"363":1,"364":1,"365":1,"366":1,"367":1,"368":1,"369":1,"370":1,"371":1,"372":1,"373":1,"374":1,"375":1,"376":1,"377":1,"378":1,"379":1,"380":1,"381":1,"382":1,"383":1,"384":1,"385":1,"386":1,"387":1,"388":1,"389":1,"390":1,"391":1,"392":1,"393":1,"394":1,"395":1,"396":1,"397":1,"398":1,"399":1,"400":1,"401":1,"402":1,"403":1,"404":1,"405":1,"406":1,"407":1,"408":1,"409":1,"410":1,"411":1,"412":1,"413":1,"414":1,"415":1,"416":1,"417":1,"418":1,"419":1,"420":1,"421":1,"422":1,"423":1,"424":1,"425":1,"426":1,"427":1,"428":1,"429":1,"430":1,"431":1,"432":1,"433":1,"434":1,"435":1,"436":1,"437":1,"438":1,"439":1,"440":1,"441":1,"442":1,"443":1,"444":1,"445":1,"446":1,"447":1,"448":1,"449":1,"450":1,"451":1,"452":1,"453":1,"454":1,"455":1,"456":1,"457":1,"458":1,"459":1,"460":1,"461":1,"462":1,"463":1,"464":1,"465":1,"466":1,"467":1,"468":1,"469":1,"470":1,"471":1,"472":1,"473":1,"474":1,"475":1,"476":1,"477":1,"478":1,"479":1,"480":1,"481":1,"482":1,"483":1,"484":1,"485":1,"486":1,"487":1,"488":1,"489":1,"490":1,"491":1,"492":1,"493":1,"494":1,"495":1,"496":1,"497":1,"498":1,"499":1,"500":1,"501":1,"502":1,"503":1,"504":1,"505":1,"506":1,"507":1,"508":1,"509":1,"510":1,"511":1,"512":1,"513":1,"514":1,"515":1,"516":1,"517":1,"518":1,"519":1,"520":1,"521":1,"522":1,"523":1,"524":1,"525":1,"526":1,"527":1,"528":1,"529":1,"530":1,"531":1,"532":1,"533":1,"534":1,"535":1,"536":1,"537":1,"538":1,"539":1,"540":1,"541":1,"542":1,"543":1,"544":1,"545":1,"546":1,"547":1,"548":1,"549":1,"550":1,"551":1,"552":1,"553":1,"554":1,"555":1,"556":1,"557":1,"558":1,"559":1,"560":1,"561":1,"562":1,"563":1,"564":1,"565":1,"566":1,"567":1,"568":1,"569":1,"570":1,"571":1,"572":1,"573":1,"574":1,"575":1,"576":1,"577":1,"578":1,"579":1,"580":1,"581":1,"582":1,"583":1,"584":1,"585":1,"586":1,"587":1,"588":1,"589":1,"590":1,"591":1,"592":1,"593":1,"594":1,"595":1,"596":1,"597":1,"598":1,"599":1,"600":1,"601":1,"602":1,"603":1,"604":1,"605":1,"606":1,"607":1,"608":1,"609":1,"610":1,"611":1,"612":1,"613":1,"614":1,"615":1,"616":1,"617":1,"618":1,"619":1,"620":1,"621":1,"622":1,"623":1,"624":1,"625":1,"626":1,"627":1,"628":1,"629":1,"630":1,"631":1,"632":1,"633":1,"634":1,"635":1,"636":1,"637":1,"638":1,"639":1,"640":1,"641":1,"642":1,"643":1},"branchMap":{"0":{"type":"branch","line":643,"loc":{"start":{"line":643,"column":26},"end":{"line":643,"column":34}},"locations":[{"start":{"line":643,"column":26},"end":{"line":643,"column":34}}]}},"b":{"0":[1]},"fnMap":{},"f":{}}
}
